[2025-12-15T16:08:21.868+0000] {local_task_job_runner.py:123} INFO - ::group::Pre task execution logs
[2025-12-15T16:08:21.876+0000] {taskinstance.py:2613} INFO - Dependencies all met for dep_context=non-requeueable deps ti=<TaskInstance: 01_rfs_hybrid_pipeline.scrape_hepsiburada manual__2025-12-15T16:08:18+00:00 [queued]>
[2025-12-15T16:08:21.880+0000] {taskinstance.py:2613} INFO - Dependencies all met for dep_context=requeueable deps ti=<TaskInstance: 01_rfs_hybrid_pipeline.scrape_hepsiburada manual__2025-12-15T16:08:18+00:00 [queued]>
[2025-12-15T16:08:21.880+0000] {taskinstance.py:2866} INFO - Starting attempt 1 of 1
[2025-12-15T16:08:21.886+0000] {taskinstance.py:2889} INFO - Executing <Task(SSHOperator): scrape_hepsiburada> on 2025-12-15 16:08:18+00:00
[2025-12-15T16:08:21.889+0000] {logging_mixin.py:190} WARNING - /home/airflow/.local/lib/python3.12/site-packages/airflow/task/task_runner/standard_task_runner.py:70 DeprecationWarning: This process (pid=213) is multi-threaded, use of fork() may lead to deadlocks in the child.
[2025-12-15T16:08:21.890+0000] {standard_task_runner.py:72} INFO - Started process 235 to run task
[2025-12-15T16:08:21.889+0000] {standard_task_runner.py:104} INFO - Running: ['airflow', 'tasks', 'run', '01_rfs_hybrid_pipeline', 'scrape_hepsiburada', 'manual__2025-12-15T16:08:18+00:00', '--job-id', '3', '--raw', '--subdir', 'DAGS_FOLDER/01_rfs_hybrid_pipeline.py', '--cfg-path', '/tmp/tmpol7nojq7']
[2025-12-15T16:08:21.891+0000] {standard_task_runner.py:105} INFO - Job 3: Subtask scrape_hepsiburada
[2025-12-15T16:08:21.913+0000] {task_command.py:467} INFO - Running <TaskInstance: 01_rfs_hybrid_pipeline.scrape_hepsiburada manual__2025-12-15T16:08:18+00:00 [running]> on host 75b450f410af
[2025-12-15T16:08:22.074+0000] {taskinstance.py:3132} INFO - Exporting env vars: AIRFLOW_CTX_DAG_OWNER='rfs_team' AIRFLOW_CTX_DAG_ID='01_rfs_hybrid_pipeline' AIRFLOW_CTX_TASK_ID='scrape_hepsiburada' AIRFLOW_CTX_EXECUTION_DATE='2025-12-15T16:08:18+00:00' AIRFLOW_CTX_TRY_NUMBER='1' AIRFLOW_CTX_DAG_RUN_ID='manual__2025-12-15T16:08:18+00:00'
[2025-12-15T16:08:22.075+0000] {taskinstance.py:731} INFO - ::endgroup::
[2025-12-15T16:08:22.084+0000] {ssh.py:124} INFO - ssh_hook is not provided or invalid. Trying ssh_conn_id to create SSHHook.
[2025-12-15T16:08:22.089+0000] {base.py:84} INFO - Retrieving connection 'my_local_mac'
[2025-12-15T16:08:22.089+0000] {ssh.py:312} WARNING - No Host Key Verification. This won't protect against Man-In-The-Middle attacks
[2025-12-15T16:08:22.139+0000] {transport.py:1944} INFO - Connected (version 2.0, client OpenSSH_10.0)
[2025-12-15T16:08:22.405+0000] {transport.py:1944} INFO - Authentication (password) successful!
[2025-12-15T16:08:22.407+0000] {ssh.py:497} INFO - Running command: 
            export DISPLAY=:0 && 
            cd /Users/erwin/Developer/ml-dl/rfs-mlops && 
            /Users/erwin/Developer/ml-dl/rfs-mlops/.venv/bin/python run_scraping.py             --site hb             --hb-pages 1             --hb-url "https://www.hepsiburada.com/laptop-notebook-dizustu-bilgisayarlar-c-98?puan=3-max&sayfa="
        
[2025-12-15T16:08:22.753+0000] {ssh.py:548} WARNING - 2025-12-15 19:08:22,752 [INFO] WebDriver başlatılıyor...
[2025-12-15T16:08:24.559+0000] {ssh.py:548} WARNING - 2025-12-15 19:08:24,558 [INFO] Link toplama: Sayfa 1 işleniyor...
[2025-12-15T16:08:29.686+0000] {ssh.py:548} WARNING - 2025-12-15 19:08:29,685 [INFO] [DB] Veri links.hb tablosuna basıldı. (44 satır)
[2025-12-15T16:08:52.284+0000] {ssh.py:548} WARNING - 2025-12-15 19:08:52,284 [INFO] Detay toplama: 10/44 tamamlandı.
[2025-12-15T16:09:17.425+0000] {ssh.py:548} WARNING - 2025-12-15 19:09:17,424 [INFO] Detay toplama: 20/44 tamamlandı.
[2025-12-15T16:09:38.794+0000] {ssh.py:548} WARNING - 2025-12-15 19:09:38,793 [INFO] Detay toplama: 30/44 tamamlandı.
[2025-12-15T16:10:19.167+0000] {ssh.py:548} WARNING - 2025-12-15 19:10:19,166 [INFO] Detay toplama: 40/44 tamamlandı.
[2025-12-15T16:10:28.491+0000] {ssh.py:548} WARNING - 2025-12-15 19:10:28,480 [INFO] [DB] Veri raw.hb tablosuna basıldı. (44 satır)
[2025-12-15T16:10:28.491+0000] {ssh.py:548} WARNING - 2025-12-15 19:10:28,480 [INFO] WebDriver kapatılıyor...
[2025-12-15T16:10:28.686+0000] {ssh.py:543} INFO - >>> Hepsiburada başlıyor... (Sayfa: 1)
[2025-12-15T16:10:28.767+0000] {taskinstance.py:340} INFO - ::group::Post task execution logs
[2025-12-15T16:10:28.767+0000] {taskinstance.py:352} INFO - Marking task as SUCCESS. dag_id=01_rfs_hybrid_pipeline, task_id=scrape_hepsiburada, run_id=manual__2025-12-15T16:08:18+00:00, execution_date=20251215T160818, start_date=20251215T160821, end_date=20251215T161028
[2025-12-15T16:10:28.802+0000] {local_task_job_runner.py:266} INFO - Task exited with return code 0
[2025-12-15T16:10:28.814+0000] {taskinstance.py:3895} INFO - 1 downstream tasks scheduled from follow-on schedule check
[2025-12-15T16:10:28.815+0000] {local_task_job_runner.py:245} INFO - ::endgroup::
