[2025-12-15T14:43:30.154+0000] {local_task_job_runner.py:123} INFO - ::group::Pre task execution logs
[2025-12-15T14:43:30.159+0000] {taskinstance.py:2613} INFO - Dependencies all met for dep_context=non-requeueable deps ti=<TaskInstance: 01_rfs_hybrid_pipeline.etl_feature_engineering manual__2025-12-15T14:40:36+00:00 [queued]>
[2025-12-15T14:43:30.161+0000] {taskinstance.py:2613} INFO - Dependencies all met for dep_context=requeueable deps ti=<TaskInstance: 01_rfs_hybrid_pipeline.etl_feature_engineering manual__2025-12-15T14:40:36+00:00 [queued]>
[2025-12-15T14:43:30.161+0000] {taskinstance.py:2866} INFO - Starting attempt 1 of 1
[2025-12-15T14:43:30.164+0000] {taskinstance.py:2889} INFO - Executing <Task(PythonOperator): etl_feature_engineering> on 2025-12-15 14:40:36+00:00
[2025-12-15T14:43:30.168+0000] {logging_mixin.py:190} WARNING - /home/airflow/.local/lib/python3.12/site-packages/airflow/task/task_runner/standard_task_runner.py:70 DeprecationWarning: This process (pid=802) is multi-threaded, use of fork() may lead to deadlocks in the child.
[2025-12-15T14:43:30.169+0000] {standard_task_runner.py:72} INFO - Started process 813 to run task
[2025-12-15T14:43:30.168+0000] {standard_task_runner.py:104} INFO - Running: ['airflow', 'tasks', 'run', '01_rfs_hybrid_pipeline', 'etl_feature_engineering', 'manual__2025-12-15T14:40:36+00:00', '--job-id', '8', '--raw', '--subdir', 'DAGS_FOLDER/01_rfs_hybrid_pipeline.py', '--cfg-path', '/tmp/tmp2dmrbt11']
[2025-12-15T14:43:30.170+0000] {standard_task_runner.py:105} INFO - Job 8: Subtask etl_feature_engineering
[2025-12-15T14:43:30.187+0000] {task_command.py:467} INFO - Running <TaskInstance: 01_rfs_hybrid_pipeline.etl_feature_engineering manual__2025-12-15T14:40:36+00:00 [running]> on host df6aa8942030
[2025-12-15T14:43:30.213+0000] {taskinstance.py:3132} INFO - Exporting env vars: AIRFLOW_CTX_DAG_OWNER='rfs_team' AIRFLOW_CTX_DAG_ID='01_rfs_hybrid_pipeline' AIRFLOW_CTX_TASK_ID='etl_feature_engineering' AIRFLOW_CTX_EXECUTION_DATE='2025-12-15T14:40:36+00:00' AIRFLOW_CTX_TRY_NUMBER='1' AIRFLOW_CTX_DAG_RUN_ID='manual__2025-12-15T14:40:36+00:00'
[2025-12-15T14:43:30.214+0000] {taskinstance.py:731} INFO - ::endgroup::
[2025-12-15T14:43:30.218+0000] {logging_mixin.py:190} INFO - 🚀 Airflow ETL Başlatılıyor...
[2025-12-15T14:43:30.218+0000] {connector.py:43} INFO - Veritabanı motoru başlatıldı. Hedef: postgres:5432/rfs_db
[2025-12-15T14:43:30.218+0000] {pipeline.py:299} INFO - Starting ETL Pipeline...
[2025-12-15T14:43:30.225+0000] {pipeline.py:131} INFO - Loaded LATEST raw data only. HB: 86, TY: 76
[2025-12-15T14:43:30.250+0000] {pipeline.py:291} INFO - Saved to transform.laptops: 71 rows
[2025-12-15T14:43:30.250+0000] {pipeline.py:250} INFO - Applying Feature Engineering (PPI, Grouping)...
[2025-12-15T14:43:30.260+0000] {pipeline.py:291} INFO - Saved to features.laptops_final: 70 rows
[2025-12-15T14:43:30.261+0000] {pipeline.py:315} INFO - ETL Pipeline completed successfully.
[2025-12-15T14:43:30.261+0000] {logging_mixin.py:190} INFO - ✅ ETL Başarıyla Tamamlandı!
[2025-12-15T14:43:30.261+0000] {python.py:240} INFO - Done. Returned value was: None
[2025-12-15T14:43:30.265+0000] {taskinstance.py:340} INFO - ::group::Post task execution logs
[2025-12-15T14:43:30.265+0000] {taskinstance.py:352} INFO - Marking task as SUCCESS. dag_id=01_rfs_hybrid_pipeline, task_id=etl_feature_engineering, run_id=manual__2025-12-15T14:40:36+00:00, execution_date=20251215T144036, start_date=20251215T144330, end_date=20251215T144330
[2025-12-15T14:43:30.311+0000] {local_task_job_runner.py:266} INFO - Task exited with return code 0
[2025-12-15T14:43:30.320+0000] {taskinstance.py:3895} INFO - 1 downstream tasks scheduled from follow-on schedule check
[2025-12-15T14:43:30.321+0000] {local_task_job_runner.py:245} INFO - ::endgroup::
