[2025-12-15T14:38:10.937+0000] {local_task_job_runner.py:123} INFO - ::group::Pre task execution logs
[2025-12-15T14:38:10.943+0000] {taskinstance.py:2613} INFO - Dependencies all met for dep_context=non-requeueable deps ti=<TaskInstance: 01_rfs_hybrid_pipeline.train_model_process manual__2025-12-15T14:35:32+00:00 [queued]>
[2025-12-15T14:38:10.946+0000] {taskinstance.py:2613} INFO - Dependencies all met for dep_context=requeueable deps ti=<TaskInstance: 01_rfs_hybrid_pipeline.train_model_process manual__2025-12-15T14:35:32+00:00 [queued]>
[2025-12-15T14:38:10.946+0000] {taskinstance.py:2866} INFO - Starting attempt 1 of 1
[2025-12-15T14:38:10.949+0000] {taskinstance.py:2889} INFO - Executing <Task(PythonOperator): train_model_process> on 2025-12-15 14:35:32+00:00
[2025-12-15T14:38:10.953+0000] {logging_mixin.py:190} WARNING - /home/airflow/.local/lib/python3.12/site-packages/airflow/task/task_runner/standard_task_runner.py:70 DeprecationWarning: This process (pid=331) is multi-threaded, use of fork() may lead to deadlocks in the child.
[2025-12-15T14:38:10.953+0000] {standard_task_runner.py:72} INFO - Started process 342 to run task
[2025-12-15T14:38:10.953+0000] {standard_task_runner.py:104} INFO - Running: ['airflow', 'tasks', 'run', '01_rfs_hybrid_pipeline', 'train_model_process', 'manual__2025-12-15T14:35:32+00:00', '--job-id', '5', '--raw', '--subdir', 'DAGS_FOLDER/01_rfs_hybrid_pipeline.py', '--cfg-path', '/tmp/tmpgzknxj5l']
[2025-12-15T14:38:10.954+0000] {standard_task_runner.py:105} INFO - Job 5: Subtask train_model_process
[2025-12-15T14:38:10.972+0000] {task_command.py:467} INFO - Running <TaskInstance: 01_rfs_hybrid_pipeline.train_model_process manual__2025-12-15T14:35:32+00:00 [running]> on host df6aa8942030
[2025-12-15T14:38:10.998+0000] {taskinstance.py:3132} INFO - Exporting env vars: AIRFLOW_CTX_DAG_OWNER='rfs_team' AIRFLOW_CTX_DAG_ID='01_rfs_hybrid_pipeline' AIRFLOW_CTX_TASK_ID='train_model_process' AIRFLOW_CTX_EXECUTION_DATE='2025-12-15T14:35:32+00:00' AIRFLOW_CTX_TRY_NUMBER='1' AIRFLOW_CTX_DAG_RUN_ID='manual__2025-12-15T14:35:32+00:00'
[2025-12-15T14:38:10.998+0000] {taskinstance.py:731} INFO - ::endgroup::
[2025-12-15T14:38:11.004+0000] {logging_mixin.py:190} INFO - 🧠 Model Eğitimi Başlıyor...
[2025-12-15T14:38:11.253+0000] {logging_mixin.py:190} WARNING - 2025/12/15 14:38:11 INFO mlflow.tracking.fluent: Experiment with name 'RFS_Laptop_Price_Prediction_Production' does not exist. Creating a new experiment.
[2025-12-15T14:38:11.346+0000] {connector.py:43} INFO - Veritabanı motoru başlatıldı. Hedef: postgres:5432/rfs_db
[2025-12-15T14:38:11.356+0000] {data_loader.py:17} INFO - Training data loaded: 70 rows
[2025-12-15T14:38:11.357+0000] {train.py:64} INFO - Target Column: price_try
[2025-12-15T14:38:11.357+0000] {train.py:65} INFO - Dropped Columns (Configured): ['url', 'scraped_at', 'processed_at', 'created_at', 'title', 'intended_use', 'color', 'weight', 'cpu_model', 'hdd_gb', 'gpu_type', 'gpu_vram_type']
[2025-12-15T14:38:11.358+0000] {train.py:99} INFO - Starting Benchmarking Mode...
[2025-12-15T14:38:11.395+0000] {logging_mixin.py:190} WARNING - 2025/12/15 14:38:11 WARNING mlflow.utils.git_utils: Failed to import Git (the Git executable is probably not on your PATH), so Git SHA is not available. Error: Failed to initialize: Bad git executable.
The git executable must be specified in one of the following ways:
    - be included in your $PATH
    - be set via $GIT_PYTHON_GIT_EXECUTABLE
    - explicitly set via git.refresh(<full-path-to-git-executable>)

All git commands will error until this is rectified.

This initial message can be silenced or aggravated in the future by setting the
$GIT_PYTHON_REFRESH environment variable. Use one of the following values:
    - quiet|q|silence|s|silent|none|n|0: for no message or exception
    - warn|w|warning|log|l|1: for a warning message (logging level CRITICAL, displayed by default)
    - error|e|exception|raise|r|2: for a raised exception

Example:
    export GIT_PYTHON_REFRESH=quiet
[2025-12-15T14:38:11.515+0000] {train.py:83} INFO - [LinearRegression] Test RMSE: 109321, Gap: 107318, MAE: 57230
[2025-12-15T14:38:11.714+0000] {logging_mixin.py:190} WARNING - 2025/12/15 14:38:11 WARNING mlflow.models.model: `artifact_path` is deprecated. Please use `name` instead.
[2025-12-15T14:38:13.822+0000] {credentials.py:1147} INFO - Found credentials in environment variables.
[2025-12-15T14:38:13.941+0000] {logging_mixin.py:190} INFO - 🏃 View run Benchmark_LinearRegression at: http://rfs_mlflow:5000/#/experiments/1/runs/590afad8bd32499f9d8fb42b099c1045
[2025-12-15T14:38:13.941+0000] {logging_mixin.py:190} INFO - 🧪 View experiment at: http://rfs_mlflow:5000/#/experiments/1
[2025-12-15T14:38:14.140+0000] {train.py:83} INFO - [Ridge] Test RMSE: 5788, Gap: 1783, MAE: 4633
[2025-12-15T14:38:14.377+0000] {logging_mixin.py:190} WARNING - 2025/12/15 14:38:14 WARNING mlflow.models.model: `artifact_path` is deprecated. Please use `name` instead.
[2025-12-15T14:38:15.889+0000] {logging_mixin.py:190} INFO - 🏃 View run Benchmark_Ridge at: http://rfs_mlflow:5000/#/experiments/1/runs/557b66eea81b438f8855b6d6408ba636
[2025-12-15T14:38:15.889+0000] {logging_mixin.py:190} INFO - 🧪 View experiment at: http://rfs_mlflow:5000/#/experiments/1
[2025-12-15T14:38:16.087+0000] {logging_mixin.py:190} WARNING - /home/airflow/.local/lib/python3.12/site-packages/sklearn/linear_model/_coordinate_descent.py:716: ConvergenceWarning: Objective did not converge. You might want to increase the number of iterations, check the scale of the features or consider increasing regularisation. Duality gap: 2.907e+07, tolerance: 1.556e+06
  model = cd_fast.enet_coordinate_descent(
[2025-12-15T14:38:16.092+0000] {train.py:83} INFO - [Lasso] Test RMSE: 12210, Gap: 10173, MAE: 10187
[2025-12-15T14:38:16.286+0000] {logging_mixin.py:190} WARNING - 2025/12/15 14:38:16 WARNING mlflow.models.model: `artifact_path` is deprecated. Please use `name` instead.
[2025-12-15T14:38:17.802+0000] {logging_mixin.py:190} INFO - 🏃 View run Benchmark_Lasso at: http://rfs_mlflow:5000/#/experiments/1/runs/1451cc4f42b34ee1a9aa5136140cfcad
[2025-12-15T14:38:17.802+0000] {logging_mixin.py:190} INFO - 🧪 View experiment at: http://rfs_mlflow:5000/#/experiments/1
[2025-12-15T14:38:18.037+0000] {train.py:83} INFO - [RandomForest] Test RMSE: 6511, Gap: 3551, MAE: 5422
[2025-12-15T14:38:18.182+0000] {logging_mixin.py:190} WARNING - 2025/12/15 14:38:18 WARNING mlflow.models.model: `artifact_path` is deprecated. Please use `name` instead.
[2025-12-15T14:38:19.622+0000] {logging_mixin.py:190} INFO - 🏃 View run Benchmark_RandomForest at: http://rfs_mlflow:5000/#/experiments/1/runs/14bc561c579c4de28aec5f7fdbad66b7
[2025-12-15T14:38:19.623+0000] {logging_mixin.py:190} INFO - 🧪 View experiment at: http://rfs_mlflow:5000/#/experiments/1
[2025-12-15T14:38:19.860+0000] {train.py:83} INFO - [ExtraTrees] Test RMSE: 5118, Gap: 5118, MAE: 4182
[2025-12-15T14:38:20.010+0000] {logging_mixin.py:190} WARNING - 2025/12/15 14:38:20 WARNING mlflow.models.model: `artifact_path` is deprecated. Please use `name` instead.
[2025-12-15T14:38:21.593+0000] {logging_mixin.py:190} INFO - 🏃 View run Benchmark_ExtraTrees at: http://rfs_mlflow:5000/#/experiments/1/runs/2db22758fc6449b1800b7ddb0d8d11ef
[2025-12-15T14:38:21.593+0000] {logging_mixin.py:190} INFO - 🧪 View experiment at: http://rfs_mlflow:5000/#/experiments/1
[2025-12-15T14:38:21.818+0000] {train.py:83} INFO - [XGBoost] Test RMSE: 5902, Gap: 5902, MAE: 4013
[2025-12-15T14:38:22.011+0000] {logging_mixin.py:190} WARNING - 2025/12/15 14:38:22 WARNING mlflow.models.model: `artifact_path` is deprecated. Please use `name` instead.
[2025-12-15T14:38:23.520+0000] {logging_mixin.py:190} INFO - 🏃 View run Benchmark_XGBoost at: http://rfs_mlflow:5000/#/experiments/1/runs/6fbfcb9976ad4db28e64daa8a4fd3c34
[2025-12-15T14:38:23.520+0000] {logging_mixin.py:190} INFO - 🧪 View experiment at: http://rfs_mlflow:5000/#/experiments/1
[2025-12-15T14:38:23.727+0000] {logging_mixin.py:190} WARNING - /home/airflow/.local/lib/python3.12/site-packages/sklearn/utils/validation.py:2691: UserWarning: X does not have valid feature names, but LGBMRegressor was fitted with feature names
  warnings.warn(
[2025-12-15T14:38:23.729+0000] {logging_mixin.py:190} WARNING - /home/airflow/.local/lib/python3.12/site-packages/sklearn/utils/validation.py:2691: UserWarning: X does not have valid feature names, but LGBMRegressor was fitted with feature names
  warnings.warn(
[2025-12-15T14:38:23.730+0000] {train.py:83} INFO - [LightGBM] Test RMSE: 10939, Gap: 281, MAE: 9064
[2025-12-15T14:38:23.919+0000] {logging_mixin.py:190} WARNING - /home/airflow/.local/lib/python3.12/site-packages/sklearn/utils/validation.py:2691: UserWarning: X does not have valid feature names, but LGBMRegressor was fitted with feature names
  warnings.warn(
[2025-12-15T14:38:23.921+0000] {logging_mixin.py:190} WARNING - 2025/12/15 14:38:23 WARNING mlflow.models.model: `artifact_path` is deprecated. Please use `name` instead.
[2025-12-15T14:38:25.497+0000] {logging_mixin.py:190} INFO - 🏃 View run Benchmark_LightGBM at: http://rfs_mlflow:5000/#/experiments/1/runs/199473df6dff445bbc3d090a09a5984f
[2025-12-15T14:38:25.497+0000] {logging_mixin.py:190} INFO - 🧪 View experiment at: http://rfs_mlflow:5000/#/experiments/1
[2025-12-15T14:38:25.542+0000] {train.py:156} INFO - 🏆 BENCHMARK WINNER: ExtraTrees with RMSE: 5117.94
[2025-12-15T14:38:25.542+0000] {logging_mixin.py:190} INFO - 🏆 Kazanan Model: ExtraTrees
[2025-12-15T14:38:25.542+0000] {train.py:163} INFO - 🚀 Starting Optimization for Champion: ExtraTrees
[2025-12-15T14:38:33.686+0000] {train.py:330} INFO - Best Params for ExtraTrees: {'n_estimators': 315, 'max_depth': 30, 'min_samples_split': 7}
[2025-12-15T14:38:34.113+0000] {train.py:83} INFO - [Champion] Test RMSE: 5242, Gap: 2380, MAE: 4382
[2025-12-15T14:38:34.183+0000] {logging_mixin.py:190} WARNING - 2025/12/15 14:38:34 WARNING mlflow.models.model: `artifact_path` is deprecated. Please use `name` instead.
[2025-12-15T14:38:35.793+0000] {logging_mixin.py:190} WARNING - Successfully registered model 'RFS_Laptop_Price_Predictor'.
[2025-12-15T14:38:35.864+0000] {logging_mixin.py:190} WARNING - 2025/12/15 14:38:35 INFO mlflow.store.model_registry.abstract_store: Waiting up to 300 seconds for model version to finish creation. Model name: RFS_Laptop_Price_Predictor, version 1
[2025-12-15T14:38:35.864+0000] {logging_mixin.py:190} WARNING - Created version '1' of model 'RFS_Laptop_Price_Predictor'.
[2025-12-15T14:38:35.916+0000] {train.py:381} INFO - Champion Model Saved to MLflow Registry & MinIO!
[2025-12-15T14:38:35.923+0000] {logging_mixin.py:190} INFO - 🏃 View run Champion_ExtraTrees_Optimized at: http://rfs_mlflow:5000/#/experiments/1/runs/691af623ed99464583c420d0ae4ae32f
[2025-12-15T14:38:35.923+0000] {logging_mixin.py:190} INFO - 🧪 View experiment at: http://rfs_mlflow:5000/#/experiments/1
[2025-12-15T14:38:35.969+0000] {logging_mixin.py:190} INFO - ✅ Şampiyon model optimize edildi ve MLflow'a kaydedildi.
[2025-12-15T14:38:35.969+0000] {python.py:240} INFO - Done. Returned value was: None
[2025-12-15T14:38:35.974+0000] {taskinstance.py:340} INFO - ::group::Post task execution logs
[2025-12-15T14:38:35.975+0000] {taskinstance.py:352} INFO - Marking task as SUCCESS. dag_id=01_rfs_hybrid_pipeline, task_id=train_model_process, run_id=manual__2025-12-15T14:35:32+00:00, execution_date=20251215T143532, start_date=20251215T143810, end_date=20251215T143835
[2025-12-15T14:38:36.005+0000] {local_task_job_runner.py:266} INFO - Task exited with return code 0
[2025-12-15T14:38:36.012+0000] {taskinstance.py:3895} INFO - 0 downstream tasks scheduled from follow-on schedule check
[2025-12-15T14:38:36.013+0000] {local_task_job_runner.py:245} INFO - ::endgroup::
