[2025-12-15T14:35:36.769+0000] {local_task_job_runner.py:123} INFO - ::group::Pre task execution logs
[2025-12-15T14:35:36.777+0000] {taskinstance.py:2613} INFO - Dependencies all met for dep_context=non-requeueable deps ti=<TaskInstance: 01_rfs_hybrid_pipeline.scrape_hepsiburada manual__2025-12-15T14:35:32+00:00 [queued]>
[2025-12-15T14:35:36.781+0000] {taskinstance.py:2613} INFO - Dependencies all met for dep_context=requeueable deps ti=<TaskInstance: 01_rfs_hybrid_pipeline.scrape_hepsiburada manual__2025-12-15T14:35:32+00:00 [queued]>
[2025-12-15T14:35:36.782+0000] {taskinstance.py:2866} INFO - Starting attempt 1 of 1
[2025-12-15T14:35:36.787+0000] {taskinstance.py:2889} INFO - Executing <Task(SSHOperator): scrape_hepsiburada> on 2025-12-15 14:35:32+00:00
[2025-12-15T14:35:36.791+0000] {logging_mixin.py:190} WARNING - /home/airflow/.local/lib/python3.12/site-packages/airflow/task/task_runner/standard_task_runner.py:70 DeprecationWarning: This process (pid=213) is multi-threaded, use of fork() may lead to deadlocks in the child.
[2025-12-15T14:35:36.791+0000] {standard_task_runner.py:72} INFO - Started process 236 to run task
[2025-12-15T14:35:36.791+0000] {standard_task_runner.py:104} INFO - Running: ['airflow', 'tasks', 'run', '01_rfs_hybrid_pipeline', 'scrape_hepsiburada', 'manual__2025-12-15T14:35:32+00:00', '--job-id', '2', '--raw', '--subdir', 'DAGS_FOLDER/01_rfs_hybrid_pipeline.py', '--cfg-path', '/tmp/tmpbqrov7_s']
[2025-12-15T14:35:36.792+0000] {standard_task_runner.py:105} INFO - Job 2: Subtask scrape_hepsiburada
[2025-12-15T14:35:36.813+0000] {task_command.py:467} INFO - Running <TaskInstance: 01_rfs_hybrid_pipeline.scrape_hepsiburada manual__2025-12-15T14:35:32+00:00 [running]> on host df6aa8942030
[2025-12-15T14:35:36.845+0000] {taskinstance.py:3132} INFO - Exporting env vars: AIRFLOW_CTX_DAG_OWNER='rfs_team' AIRFLOW_CTX_DAG_ID='01_rfs_hybrid_pipeline' AIRFLOW_CTX_TASK_ID='scrape_hepsiburada' AIRFLOW_CTX_EXECUTION_DATE='2025-12-15T14:35:32+00:00' AIRFLOW_CTX_TRY_NUMBER='1' AIRFLOW_CTX_DAG_RUN_ID='manual__2025-12-15T14:35:32+00:00'
[2025-12-15T14:35:36.847+0000] {taskinstance.py:731} INFO - ::endgroup::
[2025-12-15T14:35:36.860+0000] {ssh.py:124} INFO - ssh_hook is not provided or invalid. Trying ssh_conn_id to create SSHHook.
[2025-12-15T14:35:36.865+0000] {base.py:84} INFO - Retrieving connection 'my_local_mac'
[2025-12-15T14:35:36.865+0000] {ssh.py:312} WARNING - No Host Key Verification. This won't protect against Man-In-The-Middle attacks
[2025-12-15T14:35:36.923+0000] {transport.py:1944} INFO - Connected (version 2.0, client OpenSSH_10.0)
[2025-12-15T14:35:37.187+0000] {transport.py:1944} INFO - Authentication (password) successful!
[2025-12-15T14:35:37.188+0000] {ssh.py:497} INFO - Running command: 
            export DISPLAY=:0 && 
            cd /Users/erwin/Developer/ml-dl/rfs-mlops && 
            /Users/erwin/Developer/ml-dl/rfs-mlops/.venv/bin/python run_scraping.py             --site hb             --hb-pages 1             --hb-url "https://www.hepsiburada.com/laptop-notebook-dizustu-bilgisayarlar-c-98?puan=3-max&sayfa="
        
[2025-12-15T14:35:37.677+0000] {ssh.py:548} WARNING - 2025-12-15 17:35:37,675 [INFO] WebDriver başlatılıyor...
[2025-12-15T14:35:39.425+0000] {ssh.py:548} WARNING - 2025-12-15 17:35:39,422 [INFO] Link toplama: Sayfa 1 işleniyor...
[2025-12-15T14:35:43.894+0000] {ssh.py:548} WARNING - 2025-12-15 17:35:43,894 [INFO] [DB] Veri links.hb tablosuna basıldı. (43 satır)
[2025-12-15T14:36:17.779+0000] {ssh.py:548} WARNING - 2025-12-15 17:36:17,778 [INFO] Detay toplama: 10/43 tamamlandı.
[2025-12-15T14:36:40.089+0000] {ssh.py:548} WARNING - 2025-12-15 17:36:40,089 [INFO] Detay toplama: 20/43 tamamlandı.
[2025-12-15T14:37:01.785+0000] {ssh.py:548} WARNING - 2025-12-15 17:37:01,784 [INFO] Detay toplama: 30/43 tamamlandı.
[2025-12-15T14:38:00.438+0000] {ssh.py:548} WARNING - 2025-12-15 17:38:00,438 [INFO] Detay toplama: 40/43 tamamlandı.
[2025-12-15T14:38:08.460+0000] {ssh.py:548} WARNING - 2025-12-15 17:38:08,448 [INFO] [DB] Veri raw.hb tablosuna basıldı. (43 satır)
[2025-12-15T14:38:08.460+0000] {ssh.py:548} WARNING - 2025-12-15 17:38:08,448 [INFO] WebDriver kapatılıyor...
[2025-12-15T14:38:08.651+0000] {ssh.py:543} INFO - >>> Hepsiburada başlıyor... (Sayfa: 1)
[2025-12-15T14:38:08.726+0000] {taskinstance.py:340} INFO - ::group::Post task execution logs
[2025-12-15T14:38:08.726+0000] {taskinstance.py:352} INFO - Marking task as SUCCESS. dag_id=01_rfs_hybrid_pipeline, task_id=scrape_hepsiburada, run_id=manual__2025-12-15T14:35:32+00:00, execution_date=20251215T143532, start_date=20251215T143536, end_date=20251215T143808
[2025-12-15T14:38:08.772+0000] {local_task_job_runner.py:266} INFO - Task exited with return code 0
[2025-12-15T14:38:08.784+0000] {taskinstance.py:3895} INFO - 1 downstream tasks scheduled from follow-on schedule check
[2025-12-15T14:38:08.785+0000] {local_task_job_runner.py:245} INFO - ::endgroup::
