[2025-12-15T14:40:42.090+0000] {local_task_job_runner.py:123} INFO - ::group::Pre task execution logs
[2025-12-15T14:40:42.096+0000] {taskinstance.py:2613} INFO - Dependencies all met for dep_context=non-requeueable deps ti=<TaskInstance: 01_rfs_hybrid_pipeline.scrape_trendyol manual__2025-12-15T14:40:36+00:00 [queued]>
[2025-12-15T14:40:42.099+0000] {taskinstance.py:2613} INFO - Dependencies all met for dep_context=requeueable deps ti=<TaskInstance: 01_rfs_hybrid_pipeline.scrape_trendyol manual__2025-12-15T14:40:36+00:00 [queued]>
[2025-12-15T14:40:42.100+0000] {taskinstance.py:2866} INFO - Starting attempt 1 of 1
[2025-12-15T14:40:42.106+0000] {taskinstance.py:2889} INFO - Executing <Task(SSHOperator): scrape_trendyol> on 2025-12-15 14:40:36+00:00
[2025-12-15T14:40:42.109+0000] {logging_mixin.py:190} WARNING - /home/airflow/.local/lib/python3.12/site-packages/airflow/task/task_runner/standard_task_runner.py:70 DeprecationWarning: This process (pid=683) is multi-threaded, use of fork() may lead to deadlocks in the child.
[2025-12-15T14:40:42.110+0000] {standard_task_runner.py:72} INFO - Started process 704 to run task
[2025-12-15T14:40:42.110+0000] {standard_task_runner.py:104} INFO - Running: ['airflow', 'tasks', 'run', '01_rfs_hybrid_pipeline', 'scrape_trendyol', 'manual__2025-12-15T14:40:36+00:00', '--job-id', '6', '--raw', '--subdir', 'DAGS_FOLDER/01_rfs_hybrid_pipeline.py', '--cfg-path', '/tmp/tmpdkdxquo6']
[2025-12-15T14:40:42.111+0000] {standard_task_runner.py:105} INFO - Job 6: Subtask scrape_trendyol
[2025-12-15T14:40:42.133+0000] {task_command.py:467} INFO - Running <TaskInstance: 01_rfs_hybrid_pipeline.scrape_trendyol manual__2025-12-15T14:40:36+00:00 [running]> on host df6aa8942030
[2025-12-15T14:40:42.166+0000] {taskinstance.py:3132} INFO - Exporting env vars: AIRFLOW_CTX_DAG_OWNER='rfs_team' AIRFLOW_CTX_DAG_ID='01_rfs_hybrid_pipeline' AIRFLOW_CTX_TASK_ID='scrape_trendyol' AIRFLOW_CTX_EXECUTION_DATE='2025-12-15T14:40:36+00:00' AIRFLOW_CTX_TRY_NUMBER='1' AIRFLOW_CTX_DAG_RUN_ID='manual__2025-12-15T14:40:36+00:00'
[2025-12-15T14:40:42.167+0000] {taskinstance.py:731} INFO - ::endgroup::
[2025-12-15T14:40:42.172+0000] {ssh.py:124} INFO - ssh_hook is not provided or invalid. Trying ssh_conn_id to create SSHHook.
[2025-12-15T14:40:42.177+0000] {base.py:84} INFO - Retrieving connection 'my_local_mac'
[2025-12-15T14:40:42.177+0000] {ssh.py:312} WARNING - No Host Key Verification. This won't protect against Man-In-The-Middle attacks
[2025-12-15T14:40:42.224+0000] {transport.py:1944} INFO - Connected (version 2.0, client OpenSSH_10.0)
[2025-12-15T14:40:42.488+0000] {transport.py:1944} INFO - Authentication (password) successful!
[2025-12-15T14:40:42.492+0000] {ssh.py:497} INFO - Running command: 
            export DISPLAY=:0 && 
            cd /Users/erwin/Developer/ml-dl/rfs-mlops && 
            /Users/erwin/Developer/ml-dl/rfs-mlops/.venv/bin/python run_scraping.py             --site ty             --ty-pages 2             --ty-url "https://www.trendyol.com/sr?wc=103108%2C106084&sst=MOST_RATED"
        
[2025-12-15T14:40:42.872+0000] {ssh.py:548} WARNING - 2025-12-15 17:40:42,870 [INFO] WebDriver başlatılıyor...
[2025-12-15T14:40:43.969+0000] {ssh.py:548} WARNING - 2025-12-15 17:40:43,968 [INFO] Link toplama: Sayfa 1 işleniyor (https://www.trendyol.com/sr?wc=103108%2C106084&sst=MOST_RATED&pi=1)...
[2025-12-15T14:40:48.933+0000] {ssh.py:548} WARNING - 2025-12-15 17:40:48,932 [INFO] Link toplama: Sayfa 2 işleniyor (https://www.trendyol.com/sr?wc=103108%2C106084&sst=MOST_RATED&pi=2)...
[2025-12-15T14:40:50.235+0000] {ssh.py:548} WARNING - 2025-12-15 17:40:50,234 [INFO] [DB] Veri links.ty tablosuna basıldı. (38 satır)
[2025-12-15T14:41:06.397+0000] {ssh.py:548} WARNING - 2025-12-15 17:41:06,396 [INFO] Detay toplama: 10/38 tamamlandı.
[2025-12-15T14:41:19.846+0000] {ssh.py:548} WARNING - 2025-12-15 17:41:19,845 [INFO] Detay toplama: 20/38 tamamlandı.
[2025-12-15T14:41:33.065+0000] {ssh.py:548} WARNING - 2025-12-15 17:41:33,066 [INFO] Detay toplama: 30/38 tamamlandı.
[2025-12-15T14:41:46.286+0000] {ssh.py:548} WARNING - 2025-12-15 17:41:46,286 [INFO] [DB] Veri raw.ty tablosuna basıldı. (38 satır)
[2025-12-15T14:41:46.286+0000] {ssh.py:548} WARNING - 2025-12-15 17:41:46,286 [INFO] WebDriver kapatılıyor...
[2025-12-15T14:41:46.551+0000] {ssh.py:543} INFO - >>> Trendyol başlıyor... (Sayfa: 2)
[2025-12-15T14:41:46.630+0000] {taskinstance.py:340} INFO - ::group::Post task execution logs
[2025-12-15T14:41:46.631+0000] {taskinstance.py:352} INFO - Marking task as SUCCESS. dag_id=01_rfs_hybrid_pipeline, task_id=scrape_trendyol, run_id=manual__2025-12-15T14:40:36+00:00, execution_date=20251215T144036, start_date=20251215T144042, end_date=20251215T144146
[2025-12-15T14:41:46.675+0000] {local_task_job_runner.py:266} INFO - Task exited with return code 0
[2025-12-15T14:41:46.688+0000] {taskinstance.py:3895} INFO - 0 downstream tasks scheduled from follow-on schedule check
[2025-12-15T14:41:46.689+0000] {local_task_job_runner.py:245} INFO - ::endgroup::
