[2025-12-15T12:22:05.230+0000] {local_task_job_runner.py:123} INFO - ::group::Pre task execution logs
[2025-12-15T12:22:05.238+0000] {taskinstance.py:2613} INFO - Dependencies all met for dep_context=non-requeueable deps ti=<TaskInstance: 02_rfs_hybrid_pipeline.scrape_hepsiburada manual__2025-12-15T12:21:51+00:00 [queued]>
[2025-12-15T12:22:05.242+0000] {taskinstance.py:2613} INFO - Dependencies all met for dep_context=requeueable deps ti=<TaskInstance: 02_rfs_hybrid_pipeline.scrape_hepsiburada manual__2025-12-15T12:21:51+00:00 [queued]>
[2025-12-15T12:22:05.243+0000] {taskinstance.py:2866} INFO - Starting attempt 1 of 1
[2025-12-15T12:22:05.247+0000] {taskinstance.py:2889} INFO - Executing <Task(SSHOperator): scrape_hepsiburada> on 2025-12-15 12:21:51+00:00
[2025-12-15T12:22:05.251+0000] {logging_mixin.py:190} WARNING - /home/airflow/.local/lib/python3.12/site-packages/airflow/task/task_runner/standard_task_runner.py:70 DeprecationWarning: This process (pid=229) is multi-threaded, use of fork() may lead to deadlocks in the child.
[2025-12-15T12:22:05.251+0000] {standard_task_runner.py:72} INFO - Started process 250 to run task
[2025-12-15T12:22:05.251+0000] {standard_task_runner.py:104} INFO - Running: ['airflow', 'tasks', 'run', '02_rfs_hybrid_pipeline', 'scrape_hepsiburada', 'manual__2025-12-15T12:21:51+00:00', '--job-id', '2', '--raw', '--subdir', 'DAGS_FOLDER/01_rfs_hybrid_pipeline.py', '--cfg-path', '/tmp/tmp581enqa4']
[2025-12-15T12:22:05.252+0000] {standard_task_runner.py:105} INFO - Job 2: Subtask scrape_hepsiburada
[2025-12-15T12:22:05.275+0000] {task_command.py:467} INFO - Running <TaskInstance: 02_rfs_hybrid_pipeline.scrape_hepsiburada manual__2025-12-15T12:21:51+00:00 [running]> on host b36233c36284
[2025-12-15T12:22:05.311+0000] {taskinstance.py:3132} INFO - Exporting env vars: AIRFLOW_CTX_DAG_OWNER='rfs_team' AIRFLOW_CTX_DAG_ID='02_rfs_hybrid_pipeline' AIRFLOW_CTX_TASK_ID='scrape_hepsiburada' AIRFLOW_CTX_EXECUTION_DATE='2025-12-15T12:21:51+00:00' AIRFLOW_CTX_TRY_NUMBER='1' AIRFLOW_CTX_DAG_RUN_ID='manual__2025-12-15T12:21:51+00:00'
[2025-12-15T12:22:05.312+0000] {taskinstance.py:731} INFO - ::endgroup::
[2025-12-15T12:22:05.326+0000] {ssh.py:124} INFO - ssh_hook is not provided or invalid. Trying ssh_conn_id to create SSHHook.
[2025-12-15T12:22:05.331+0000] {base.py:84} INFO - Retrieving connection 'my_local_mac'
[2025-12-15T12:22:05.331+0000] {ssh.py:312} WARNING - No Host Key Verification. This won't protect against Man-In-The-Middle attacks
[2025-12-15T12:22:05.418+0000] {transport.py:1944} INFO - Connected (version 2.0, client OpenSSH_10.0)
[2025-12-15T12:22:05.687+0000] {transport.py:1944} INFO - Authentication (password) successful!
[2025-12-15T12:22:05.688+0000] {ssh.py:497} INFO - Running command: 
            export DISPLAY=:0 && 
            cd /Users/erwin/Developer/ml-dl/rfs-mlops && 
            /Users/erwin/Developer/ml-dl/rfs-mlops/.venv/bin/python run_scraping.py             --site hb             --hb-pages 1             --hb-url "https://www.hepsiburada.com/laptop-notebook-dizustu-bilgisayarlar-c-98?puan=3-max&sayfa="
        
[2025-12-15T12:22:06.758+0000] {ssh.py:548} WARNING - 2025-12-15 15:22:06,757 [INFO] WebDriver başlatılıyor...
[2025-12-15T12:22:08.644+0000] {ssh.py:548} WARNING - 2025-12-15 15:22:08,644 [INFO] Link toplama: Sayfa 1 işleniyor...
[2025-12-15T12:22:13.603+0000] {ssh.py:548} WARNING - 2025-12-15 15:22:13,604 [INFO] [DB] Veri links.hb tablosuna basıldı. (44 satır)
[2025-12-15T12:22:43.885+0000] {ssh.py:548} WARNING - 2025-12-15 15:22:43,885 [INFO] Detay toplama: 10/44 tamamlandı.
[2025-12-15T12:23:08.958+0000] {ssh.py:548} WARNING - 2025-12-15 15:23:08,871 [INFO] Detay toplama: 20/44 tamamlandı.
[2025-12-15T12:23:30.076+0000] {ssh.py:548} WARNING - 2025-12-15 15:23:30,076 [INFO] Detay toplama: 30/44 tamamlandı.
[2025-12-15T12:24:31.886+0000] {ssh.py:548} WARNING - 2025-12-15 15:24:31,886 [INFO] Detay toplama: 40/44 tamamlandı.
[2025-12-15T12:24:42.966+0000] {ssh.py:548} WARNING - 2025-12-15 15:24:42,967 [INFO] [DB] Veri raw.hb tablosuna basıldı. (44 satır)
[2025-12-15T12:24:42.967+0000] {ssh.py:548} WARNING - 2025-12-15 15:24:42,968 [INFO] WebDriver kapatılıyor...
[2025-12-15T12:24:43.190+0000] {ssh.py:543} INFO - >>> Hepsiburada başlıyor... (Sayfa: 1)
[2025-12-15T12:24:43.271+0000] {taskinstance.py:340} INFO - ::group::Post task execution logs
[2025-12-15T12:24:43.271+0000] {taskinstance.py:352} INFO - Marking task as SUCCESS. dag_id=02_rfs_hybrid_pipeline, task_id=scrape_hepsiburada, run_id=manual__2025-12-15T12:21:51+00:00, execution_date=20251215T122151, start_date=20251215T122205, end_date=20251215T122443
[2025-12-15T12:24:43.320+0000] {local_task_job_runner.py:266} INFO - Task exited with return code 0
[2025-12-15T12:24:43.332+0000] {taskinstance.py:3895} INFO - 1 downstream tasks scheduled from follow-on schedule check
[2025-12-15T12:24:43.333+0000] {local_task_job_runner.py:245} INFO - ::endgroup::
