[2025-12-15T16:19:36.318+0000] {local_task_job_runner.py:123} INFO - ::group::Pre task execution logs
[2025-12-15T16:19:36.325+0000] {taskinstance.py:2613} INFO - Dependencies all met for dep_context=non-requeueable deps ti=<TaskInstance: 01_rfs_hybrid_pipeline.etl_feature_engineering manual__2025-12-15T16:17:24+00:00 [queued]>
[2025-12-15T16:19:36.327+0000] {taskinstance.py:2613} INFO - Dependencies all met for dep_context=requeueable deps ti=<TaskInstance: 01_rfs_hybrid_pipeline.etl_feature_engineering manual__2025-12-15T16:17:24+00:00 [queued]>
[2025-12-15T16:19:36.327+0000] {taskinstance.py:2866} INFO - Starting attempt 1 of 1
[2025-12-15T16:19:36.331+0000] {taskinstance.py:2889} INFO - Executing <Task(PythonOperator): etl_feature_engineering> on 2025-12-15 16:17:24+00:00
[2025-12-15T16:19:36.335+0000] {logging_mixin.py:190} WARNING - /home/airflow/.local/lib/python3.12/site-packages/airflow/task/task_runner/standard_task_runner.py:70 DeprecationWarning: This process (pid=273) is multi-threaded, use of fork() may lead to deadlocks in the child.
[2025-12-15T16:19:36.335+0000] {standard_task_runner.py:72} INFO - Started process 284 to run task
[2025-12-15T16:19:36.335+0000] {standard_task_runner.py:104} INFO - Running: ['airflow', 'tasks', 'run', '01_rfs_hybrid_pipeline', 'etl_feature_engineering', 'manual__2025-12-15T16:17:24+00:00', '--job-id', '4', '--raw', '--subdir', 'DAGS_FOLDER/01_rfs_hybrid_pipeline.py', '--cfg-path', '/tmp/tmpri96xisx']
[2025-12-15T16:19:36.336+0000] {standard_task_runner.py:105} INFO - Job 4: Subtask etl_feature_engineering
[2025-12-15T16:19:36.356+0000] {task_command.py:467} INFO - Running <TaskInstance: 01_rfs_hybrid_pipeline.etl_feature_engineering manual__2025-12-15T16:17:24+00:00 [running]> on host 9a2097923018
[2025-12-15T16:19:36.385+0000] {taskinstance.py:3132} INFO - Exporting env vars: AIRFLOW_CTX_DAG_OWNER='rfs_team' AIRFLOW_CTX_DAG_ID='01_rfs_hybrid_pipeline' AIRFLOW_CTX_TASK_ID='etl_feature_engineering' AIRFLOW_CTX_EXECUTION_DATE='2025-12-15T16:17:24+00:00' AIRFLOW_CTX_TRY_NUMBER='1' AIRFLOW_CTX_DAG_RUN_ID='manual__2025-12-15T16:17:24+00:00'
[2025-12-15T16:19:36.385+0000] {taskinstance.py:731} INFO - ::endgroup::
[2025-12-15T16:19:36.390+0000] {logging_mixin.py:190} INFO - 🚀 Airflow ETL Başlatılıyor...
[2025-12-15T16:19:36.390+0000] {connector.py:43} INFO - Veritabanı motoru başlatıldı. Hedef: postgres:5432/rfs_db
[2025-12-15T16:19:36.390+0000] {pipeline.py:299} INFO - Starting ETL Pipeline...
[2025-12-15T16:19:36.398+0000] {pipeline.py:131} INFO - Loaded LATEST raw data only. HB: 44, TY: 38
[2025-12-15T16:19:36.416+0000] {pipeline.py:291} INFO - Saved to transform.laptops: 74 rows
[2025-12-15T16:19:36.416+0000] {pipeline.py:250} INFO - Applying Feature Engineering (PPI, Grouping)...
[2025-12-15T16:19:36.425+0000] {pipeline.py:291} INFO - Saved to features.laptops_final: 73 rows
[2025-12-15T16:19:36.425+0000] {pipeline.py:315} INFO - ETL Pipeline completed successfully.
[2025-12-15T16:19:36.425+0000] {logging_mixin.py:190} INFO - ✅ ETL Başarıyla Tamamlandı!
[2025-12-15T16:19:36.425+0000] {python.py:240} INFO - Done. Returned value was: None
[2025-12-15T16:19:36.429+0000] {taskinstance.py:340} INFO - ::group::Post task execution logs
[2025-12-15T16:19:36.429+0000] {taskinstance.py:352} INFO - Marking task as SUCCESS. dag_id=01_rfs_hybrid_pipeline, task_id=etl_feature_engineering, run_id=manual__2025-12-15T16:17:24+00:00, execution_date=20251215T161724, start_date=20251215T161936, end_date=20251215T161936
[2025-12-15T16:19:36.435+0000] {local_task_job_runner.py:266} INFO - Task exited with return code 0
[2025-12-15T16:19:36.443+0000] {taskinstance.py:3895} INFO - 1 downstream tasks scheduled from follow-on schedule check
[2025-12-15T16:19:36.444+0000] {local_task_job_runner.py:245} INFO - ::endgroup::
