[2025-12-15T16:19:37.329+0000] {local_task_job_runner.py:123} INFO - ::group::Pre task execution logs
[2025-12-15T16:19:37.335+0000] {taskinstance.py:2613} INFO - Dependencies all met for dep_context=non-requeueable deps ti=<TaskInstance: 01_rfs_hybrid_pipeline.train_model_process manual__2025-12-15T16:17:24+00:00 [queued]>
[2025-12-15T16:19:37.338+0000] {taskinstance.py:2613} INFO - Dependencies all met for dep_context=requeueable deps ti=<TaskInstance: 01_rfs_hybrid_pipeline.train_model_process manual__2025-12-15T16:17:24+00:00 [queued]>
[2025-12-15T16:19:37.338+0000] {taskinstance.py:2866} INFO - Starting attempt 1 of 1
[2025-12-15T16:19:37.341+0000] {taskinstance.py:2889} INFO - Executing <Task(PythonOperator): train_model_process> on 2025-12-15 16:17:24+00:00
[2025-12-15T16:19:37.345+0000] {logging_mixin.py:190} WARNING - /home/airflow/.local/lib/python3.12/site-packages/airflow/task/task_runner/standard_task_runner.py:70 DeprecationWarning: This process (pid=286) is multi-threaded, use of fork() may lead to deadlocks in the child.
[2025-12-15T16:19:37.346+0000] {standard_task_runner.py:72} INFO - Started process 297 to run task
[2025-12-15T16:19:37.345+0000] {standard_task_runner.py:104} INFO - Running: ['airflow', 'tasks', 'run', '01_rfs_hybrid_pipeline', 'train_model_process', 'manual__2025-12-15T16:17:24+00:00', '--job-id', '5', '--raw', '--subdir', 'DAGS_FOLDER/01_rfs_hybrid_pipeline.py', '--cfg-path', '/tmp/tmpiyn9ypu5']
[2025-12-15T16:19:37.347+0000] {standard_task_runner.py:105} INFO - Job 5: Subtask train_model_process
[2025-12-15T16:19:37.365+0000] {task_command.py:467} INFO - Running <TaskInstance: 01_rfs_hybrid_pipeline.train_model_process manual__2025-12-15T16:17:24+00:00 [running]> on host 9a2097923018
[2025-12-15T16:19:37.392+0000] {taskinstance.py:3132} INFO - Exporting env vars: AIRFLOW_CTX_DAG_OWNER='rfs_team' AIRFLOW_CTX_DAG_ID='01_rfs_hybrid_pipeline' AIRFLOW_CTX_TASK_ID='train_model_process' AIRFLOW_CTX_EXECUTION_DATE='2025-12-15T16:17:24+00:00' AIRFLOW_CTX_TRY_NUMBER='1' AIRFLOW_CTX_DAG_RUN_ID='manual__2025-12-15T16:17:24+00:00'
[2025-12-15T16:19:37.392+0000] {taskinstance.py:731} INFO - ::endgroup::
[2025-12-15T16:19:37.396+0000] {logging_mixin.py:190} INFO - 🧠 Model Eğitimi Başlıyor...
[2025-12-15T16:19:37.628+0000] {logging_mixin.py:190} WARNING - 2025/12/15 16:19:37 INFO mlflow.tracking.fluent: Experiment with name 'RFS_Laptop_Price_Prediction_Production' does not exist. Creating a new experiment.
[2025-12-15T16:19:37.719+0000] {connector.py:43} INFO - Veritabanı motoru başlatıldı. Hedef: postgres:5432/rfs_db
[2025-12-15T16:19:37.726+0000] {data_loader.py:17} INFO - Training data loaded: 73 rows
[2025-12-15T16:19:37.726+0000] {train.py:59} INFO - Target Column: price_try
[2025-12-15T16:19:37.726+0000] {train.py:60} INFO - Dropped Columns: ['url', 'scraped_at', 'processed_at', 'created_at', 'title', 'intended_use', 'color', 'weight', 'display_standard', 'cpu_model', 'cpu_cores', 'hdd_gb', 'gpu_type', 'gpu_vram_type', 'resolution']
[2025-12-15T16:19:37.727+0000] {train.py:94} INFO - Starting Benchmarking Mode...
[2025-12-15T16:19:37.745+0000] {logging_mixin.py:190} WARNING - 2025/12/15 16:19:37 WARNING mlflow.utils.git_utils: Failed to import Git (the Git executable is probably not on your PATH), so Git SHA is not available. Error: Failed to initialize: Bad git executable.
The git executable must be specified in one of the following ways:
    - be included in your $PATH
    - be set via $GIT_PYTHON_GIT_EXECUTABLE
    - explicitly set via git.refresh(<full-path-to-git-executable>)

All git commands will error until this is rectified.

This initial message can be silenced or aggravated in the future by setting the
$GIT_PYTHON_REFRESH environment variable. Use one of the following values:
    - quiet|q|silence|s|silent|none|n|0: for no message or exception
    - warn|w|warning|log|l|1: for a warning message (logging level CRITICAL, displayed by default)
    - error|e|exception|raise|r|2: for a raised exception

Example:
    export GIT_PYTHON_REFRESH=quiet
[2025-12-15T16:19:37.897+0000] {train.py:78} INFO - [LinearRegression] Test RMSE: 22541, Gap: 20615, MAE: 13739
[2025-12-15T16:19:38.089+0000] {logging_mixin.py:190} WARNING - 2025/12/15 16:19:38 WARNING mlflow.models.model: `artifact_path` is deprecated. Please use `name` instead.
[2025-12-15T16:19:40.024+0000] {credentials.py:1147} INFO - Found credentials in environment variables.
[2025-12-15T16:19:40.086+0000] {logging_mixin.py:190} INFO - 🏃 View run Benchmark_LinearRegression at: http://rfs_mlflow:5000/#/experiments/1/runs/73a6b50c3986483790bee26989dc4c81
[2025-12-15T16:19:40.087+0000] {logging_mixin.py:190} INFO - 🧪 View experiment at: http://rfs_mlflow:5000/#/experiments/1
[2025-12-15T16:19:40.280+0000] {train.py:78} INFO - [Ridge] Test RMSE: 9282, Gap: 5698, MAE: 6244
[2025-12-15T16:19:40.507+0000] {logging_mixin.py:190} WARNING - 2025/12/15 16:19:40 WARNING mlflow.models.model: `artifact_path` is deprecated. Please use `name` instead.
[2025-12-15T16:19:41.969+0000] {logging_mixin.py:190} INFO - 🏃 View run Benchmark_Ridge at: http://rfs_mlflow:5000/#/experiments/1/runs/24852bc51e4a4f7284b380007ee0b458
[2025-12-15T16:19:41.969+0000] {logging_mixin.py:190} INFO - 🧪 View experiment at: http://rfs_mlflow:5000/#/experiments/1
[2025-12-15T16:19:42.167+0000] {train.py:78} INFO - [Lasso] Test RMSE: 21677, Gap: 19746, MAE: 12583
[2025-12-15T16:19:42.360+0000] {logging_mixin.py:190} WARNING - 2025/12/15 16:19:42 WARNING mlflow.models.model: `artifact_path` is deprecated. Please use `name` instead.
[2025-12-15T16:19:43.845+0000] {logging_mixin.py:190} INFO - 🏃 View run Benchmark_Lasso at: http://rfs_mlflow:5000/#/experiments/1/runs/0d91983a5b4b4b2caa3c3fc474f78636
[2025-12-15T16:19:43.845+0000] {logging_mixin.py:190} INFO - 🧪 View experiment at: http://rfs_mlflow:5000/#/experiments/1
[2025-12-15T16:19:44.078+0000] {train.py:78} INFO - [RandomForest] Test RMSE: 5257, Gap: 2363, MAE: 3810
[2025-12-15T16:19:44.225+0000] {logging_mixin.py:190} WARNING - 2025/12/15 16:19:44 WARNING mlflow.models.model: `artifact_path` is deprecated. Please use `name` instead.
[2025-12-15T16:19:45.700+0000] {logging_mixin.py:190} INFO - 🏃 View run Benchmark_RandomForest at: http://rfs_mlflow:5000/#/experiments/1/runs/7eb29bd420374c3f86475453184739b3
[2025-12-15T16:19:45.700+0000] {logging_mixin.py:190} INFO - 🧪 View experiment at: http://rfs_mlflow:5000/#/experiments/1
[2025-12-15T16:19:45.935+0000] {train.py:78} INFO - [ExtraTrees] Test RMSE: 7946, Gap: 7946, MAE: 4756
[2025-12-15T16:19:46.084+0000] {logging_mixin.py:190} WARNING - 2025/12/15 16:19:46 WARNING mlflow.models.model: `artifact_path` is deprecated. Please use `name` instead.
[2025-12-15T16:19:47.569+0000] {logging_mixin.py:190} INFO - 🏃 View run Benchmark_ExtraTrees at: http://rfs_mlflow:5000/#/experiments/1/runs/89f0828037d649e4a61f05967b2ce08a
[2025-12-15T16:19:47.569+0000] {logging_mixin.py:190} INFO - 🧪 View experiment at: http://rfs_mlflow:5000/#/experiments/1
[2025-12-15T16:19:47.783+0000] {train.py:78} INFO - [XGBoost] Test RMSE: 7074, Gap: 7074, MAE: 4781
[2025-12-15T16:19:47.974+0000] {logging_mixin.py:190} WARNING - 2025/12/15 16:19:47 WARNING mlflow.models.model: `artifact_path` is deprecated. Please use `name` instead.
[2025-12-15T16:19:49.455+0000] {logging_mixin.py:190} INFO - 🏃 View run Benchmark_XGBoost at: http://rfs_mlflow:5000/#/experiments/1/runs/de283467f3404d88998a5632c6bbde9f
[2025-12-15T16:19:49.455+0000] {logging_mixin.py:190} INFO - 🧪 View experiment at: http://rfs_mlflow:5000/#/experiments/1
[2025-12-15T16:19:49.652+0000] {logging_mixin.py:190} WARNING - /home/airflow/.local/lib/python3.12/site-packages/sklearn/utils/validation.py:2691: UserWarning: X does not have valid feature names, but LGBMRegressor was fitted with feature names
  warnings.warn(
[2025-12-15T16:19:49.655+0000] {logging_mixin.py:190} WARNING - /home/airflow/.local/lib/python3.12/site-packages/sklearn/utils/validation.py:2691: UserWarning: X does not have valid feature names, but LGBMRegressor was fitted with feature names
  warnings.warn(
[2025-12-15T16:19:49.656+0000] {train.py:78} INFO - [LightGBM] Test RMSE: 6486, Gap: -2806, MAE: 5502
[2025-12-15T16:19:49.846+0000] {logging_mixin.py:190} WARNING - /home/airflow/.local/lib/python3.12/site-packages/sklearn/utils/validation.py:2691: UserWarning: X does not have valid feature names, but LGBMRegressor was fitted with feature names
  warnings.warn(
[2025-12-15T16:19:49.848+0000] {logging_mixin.py:190} WARNING - 2025/12/15 16:19:49 WARNING mlflow.models.model: `artifact_path` is deprecated. Please use `name` instead.
[2025-12-15T16:19:51.467+0000] {logging_mixin.py:190} INFO - 🏃 View run Benchmark_LightGBM at: http://rfs_mlflow:5000/#/experiments/1/runs/240a00e1e1a04ff29764aa1c2ad6d5f5
[2025-12-15T16:19:51.467+0000] {logging_mixin.py:190} INFO - 🧪 View experiment at: http://rfs_mlflow:5000/#/experiments/1
[2025-12-15T16:19:51.511+0000] {train.py:149} INFO - 🏆 BENCHMARK WINNER: RandomForest with RMSE: 5257.21
[2025-12-15T16:19:51.511+0000] {logging_mixin.py:190} INFO - 🏆 Kazanan Model: RandomForest
[2025-12-15T16:19:51.511+0000] {train.py:156} INFO - 🚀 Starting Optimization for Champion: RandomForest
[2025-12-15T16:19:57.961+0000] {train.py:334} INFO - Best Params for RandomForest: {'n_estimators': 51, 'max_depth': 11, 'min_samples_split': 4}
[2025-12-15T16:19:58.295+0000] {train.py:78} INFO - [Champion] Test RMSE: 4729, Gap: 937, MAE: 3715
[2025-12-15T16:19:58.452+0000] {train.py:352} INFO - ✅ Kategorik seçenekler (metadata) MLflow'a kaydedildi.
[2025-12-15T16:19:58.457+0000] {logging_mixin.py:190} WARNING - 2025/12/15 16:19:58 WARNING mlflow.models.model: `artifact_path` is deprecated. Please use `name` instead.
[2025-12-15T16:20:00.020+0000] {logging_mixin.py:190} WARNING - Successfully registered model 'RFS_Laptop_Price_Predictor'.
[2025-12-15T16:20:00.089+0000] {logging_mixin.py:190} WARNING - 2025/12/15 16:20:00 INFO mlflow.store.model_registry.abstract_store: Waiting up to 300 seconds for model version to finish creation. Model name: RFS_Laptop_Price_Predictor, version 1
[2025-12-15T16:20:00.089+0000] {logging_mixin.py:190} WARNING - Created version '1' of model 'RFS_Laptop_Price_Predictor'.
[2025-12-15T16:20:00.239+0000] {train.py:417} INFO - Champion Model Saved! Version: 1 -> Alias: @champion
[2025-12-15T16:20:00.247+0000] {logging_mixin.py:190} INFO - 🏃 View run Champion_RandomForest_Optimized at: http://rfs_mlflow:5000/#/experiments/1/runs/401115b8f65d416c90f7442e16cde3f5
[2025-12-15T16:20:00.248+0000] {logging_mixin.py:190} INFO - 🧪 View experiment at: http://rfs_mlflow:5000/#/experiments/1
[2025-12-15T16:20:00.294+0000] {logging_mixin.py:190} INFO - ✅ Şampiyon model optimize edildi ve MLflow'a kaydedildi.
[2025-12-15T16:20:00.294+0000] {python.py:240} INFO - Done. Returned value was: None
[2025-12-15T16:20:00.299+0000] {taskinstance.py:340} INFO - ::group::Post task execution logs
[2025-12-15T16:20:00.300+0000] {taskinstance.py:352} INFO - Marking task as SUCCESS. dag_id=01_rfs_hybrid_pipeline, task_id=train_model_process, run_id=manual__2025-12-15T16:17:24+00:00, execution_date=20251215T161724, start_date=20251215T161937, end_date=20251215T162000
[2025-12-15T16:20:00.345+0000] {local_task_job_runner.py:266} INFO - Task exited with return code 0
[2025-12-15T16:20:00.353+0000] {taskinstance.py:3895} INFO - 0 downstream tasks scheduled from follow-on schedule check
[2025-12-15T16:20:00.353+0000] {local_task_job_runner.py:245} INFO - ::endgroup::
