[2025-12-15T16:10:31.047+0000] {local_task_job_runner.py:123} INFO - ::group::Pre task execution logs
[2025-12-15T16:10:31.052+0000] {taskinstance.py:2613} INFO - Dependencies all met for dep_context=non-requeueable deps ti=<TaskInstance: 01_rfs_hybrid_pipeline.train_model_process manual__2025-12-15T16:08:18+00:00 [queued]>
[2025-12-15T16:10:31.055+0000] {taskinstance.py:2613} INFO - Dependencies all met for dep_context=requeueable deps ti=<TaskInstance: 01_rfs_hybrid_pipeline.train_model_process manual__2025-12-15T16:08:18+00:00 [queued]>
[2025-12-15T16:10:31.055+0000] {taskinstance.py:2866} INFO - Starting attempt 1 of 1
[2025-12-15T16:10:31.058+0000] {taskinstance.py:2889} INFO - Executing <Task(PythonOperator): train_model_process> on 2025-12-15 16:08:18+00:00
[2025-12-15T16:10:31.063+0000] {logging_mixin.py:190} WARNING - /home/airflow/.local/lib/python3.12/site-packages/airflow/task/task_runner/standard_task_runner.py:70 DeprecationWarning: This process (pid=316) is multi-threaded, use of fork() may lead to deadlocks in the child.
[2025-12-15T16:10:31.063+0000] {standard_task_runner.py:72} INFO - Started process 327 to run task
[2025-12-15T16:10:31.063+0000] {standard_task_runner.py:104} INFO - Running: ['airflow', 'tasks', 'run', '01_rfs_hybrid_pipeline', 'train_model_process', 'manual__2025-12-15T16:08:18+00:00', '--job-id', '5', '--raw', '--subdir', 'DAGS_FOLDER/01_rfs_hybrid_pipeline.py', '--cfg-path', '/tmp/tmpnc5fwgeq']
[2025-12-15T16:10:31.064+0000] {standard_task_runner.py:105} INFO - Job 5: Subtask train_model_process
[2025-12-15T16:10:31.082+0000] {task_command.py:467} INFO - Running <TaskInstance: 01_rfs_hybrid_pipeline.train_model_process manual__2025-12-15T16:08:18+00:00 [running]> on host 75b450f410af
[2025-12-15T16:10:31.214+0000] {taskinstance.py:3132} INFO - Exporting env vars: AIRFLOW_CTX_DAG_OWNER='rfs_team' AIRFLOW_CTX_DAG_ID='01_rfs_hybrid_pipeline' AIRFLOW_CTX_TASK_ID='train_model_process' AIRFLOW_CTX_EXECUTION_DATE='2025-12-15T16:08:18+00:00' AIRFLOW_CTX_TRY_NUMBER='1' AIRFLOW_CTX_DAG_RUN_ID='manual__2025-12-15T16:08:18+00:00'
[2025-12-15T16:10:31.214+0000] {taskinstance.py:731} INFO - ::endgroup::
[2025-12-15T16:10:31.218+0000] {logging_mixin.py:190} INFO - 🧠 Model Eğitimi Başlıyor...
[2025-12-15T16:10:31.260+0000] {logging_mixin.py:190} WARNING - 2025/12/15 16:10:31 INFO mlflow.tracking.fluent: Experiment with name 'RFS_Laptop_Price_Prediction_Production' does not exist. Creating a new experiment.
[2025-12-15T16:10:31.351+0000] {connector.py:43} INFO - Veritabanı motoru başlatıldı. Hedef: postgres:5432/rfs_db
[2025-12-15T16:10:31.358+0000] {data_loader.py:17} INFO - Training data loaded: 72 rows
[2025-12-15T16:10:31.359+0000] {train.py:59} INFO - Target Column: price_try
[2025-12-15T16:10:31.359+0000] {train.py:60} INFO - Dropped Columns: ['url', 'scraped_at', 'processed_at', 'created_at', 'title', 'intended_use', 'color', 'weight', 'display_standard', 'cpu_model', 'cpu_cores', 'hdd_gb', 'gpu_type', 'gpu_vram_type', 'resolution']
[2025-12-15T16:10:31.359+0000] {train.py:94} INFO - Starting Benchmarking Mode...
[2025-12-15T16:10:31.378+0000] {logging_mixin.py:190} WARNING - 2025/12/15 16:10:31 WARNING mlflow.utils.git_utils: Failed to import Git (the Git executable is probably not on your PATH), so Git SHA is not available. Error: Failed to initialize: Bad git executable.
The git executable must be specified in one of the following ways:
    - be included in your $PATH
    - be set via $GIT_PYTHON_GIT_EXECUTABLE
    - explicitly set via git.refresh(<full-path-to-git-executable>)

All git commands will error until this is rectified.

This initial message can be silenced or aggravated in the future by setting the
$GIT_PYTHON_REFRESH environment variable. Use one of the following values:
    - quiet|q|silence|s|silent|none|n|0: for no message or exception
    - warn|w|warning|log|l|1: for a warning message (logging level CRITICAL, displayed by default)
    - error|e|exception|raise|r|2: for a raised exception

Example:
    export GIT_PYTHON_REFRESH=quiet
[2025-12-15T16:10:31.531+0000] {train.py:78} INFO - [LinearRegression] Test RMSE: 22772, Gap: 20468, MAE: 17025
[2025-12-15T16:10:31.725+0000] {logging_mixin.py:190} WARNING - 2025/12/15 16:10:31 WARNING mlflow.models.model: `artifact_path` is deprecated. Please use `name` instead.
[2025-12-15T16:10:33.651+0000] {credentials.py:1147} INFO - Found credentials in environment variables.
[2025-12-15T16:10:33.712+0000] {logging_mixin.py:190} INFO - 🏃 View run Benchmark_LinearRegression at: http://rfs_mlflow:5000/#/experiments/1/runs/15dc131daa1e4d6b89feeabd40c603d4
[2025-12-15T16:10:33.713+0000] {logging_mixin.py:190} INFO - 🧪 View experiment at: http://rfs_mlflow:5000/#/experiments/1
[2025-12-15T16:10:33.907+0000] {train.py:78} INFO - [Ridge] Test RMSE: 10260, Gap: 6037, MAE: 7708
[2025-12-15T16:10:34.105+0000] {logging_mixin.py:190} WARNING - 2025/12/15 16:10:34 WARNING mlflow.models.model: `artifact_path` is deprecated. Please use `name` instead.
[2025-12-15T16:10:35.589+0000] {logging_mixin.py:190} INFO - 🏃 View run Benchmark_Ridge at: http://rfs_mlflow:5000/#/experiments/1/runs/4d53577b1f884b4f8876201239b10be4
[2025-12-15T16:10:35.589+0000] {logging_mixin.py:190} INFO - 🧪 View experiment at: http://rfs_mlflow:5000/#/experiments/1
[2025-12-15T16:10:35.784+0000] {logging_mixin.py:190} WARNING - /home/airflow/.local/lib/python3.12/site-packages/sklearn/linear_model/_coordinate_descent.py:716: ConvergenceWarning: Objective did not converge. You might want to increase the number of iterations, check the scale of the features or consider increasing regularisation. Duality gap: 1.589e+07, tolerance: 1.637e+06
  model = cd_fast.enet_coordinate_descent(
[2025-12-15T16:10:35.790+0000] {train.py:78} INFO - [Lasso] Test RMSE: 21710, Gap: 19395, MAE: 15695
[2025-12-15T16:10:35.987+0000] {logging_mixin.py:190} WARNING - 2025/12/15 16:10:35 WARNING mlflow.models.model: `artifact_path` is deprecated. Please use `name` instead.
[2025-12-15T16:10:37.534+0000] {logging_mixin.py:190} INFO - 🏃 View run Benchmark_Lasso at: http://rfs_mlflow:5000/#/experiments/1/runs/6a6758eaf0604e0c9c282dc29080bb94
[2025-12-15T16:10:37.534+0000] {logging_mixin.py:190} INFO - 🧪 View experiment at: http://rfs_mlflow:5000/#/experiments/1
[2025-12-15T16:10:37.782+0000] {train.py:78} INFO - [RandomForest] Test RMSE: 6274, Gap: 3075, MAE: 4819
[2025-12-15T16:10:37.932+0000] {logging_mixin.py:190} WARNING - 2025/12/15 16:10:37 WARNING mlflow.models.model: `artifact_path` is deprecated. Please use `name` instead.
[2025-12-15T16:10:39.519+0000] {logging_mixin.py:190} INFO - 🏃 View run Benchmark_RandomForest at: http://rfs_mlflow:5000/#/experiments/1/runs/9c25ce85185146b482416fc30bcd4add
[2025-12-15T16:10:39.519+0000] {logging_mixin.py:190} INFO - 🧪 View experiment at: http://rfs_mlflow:5000/#/experiments/1
[2025-12-15T16:10:39.751+0000] {train.py:78} INFO - [ExtraTrees] Test RMSE: 7509, Gap: 7424, MAE: 5758
[2025-12-15T16:10:39.901+0000] {logging_mixin.py:190} WARNING - 2025/12/15 16:10:39 WARNING mlflow.models.model: `artifact_path` is deprecated. Please use `name` instead.
[2025-12-15T16:10:41.461+0000] {logging_mixin.py:190} INFO - 🏃 View run Benchmark_ExtraTrees at: http://rfs_mlflow:5000/#/experiments/1/runs/7b40bb6b51c64225b44383419ad7f97f
[2025-12-15T16:10:41.461+0000] {logging_mixin.py:190} INFO - 🧪 View experiment at: http://rfs_mlflow:5000/#/experiments/1
[2025-12-15T16:10:41.676+0000] {train.py:78} INFO - [XGBoost] Test RMSE: 5897, Gap: 5813, MAE: 4133
[2025-12-15T16:10:41.871+0000] {logging_mixin.py:190} WARNING - 2025/12/15 16:10:41 WARNING mlflow.models.model: `artifact_path` is deprecated. Please use `name` instead.
[2025-12-15T16:10:43.398+0000] {logging_mixin.py:190} INFO - 🏃 View run Benchmark_XGBoost at: http://rfs_mlflow:5000/#/experiments/1/runs/43af6e81964c4a90a1698fce327ecd7b
[2025-12-15T16:10:43.398+0000] {logging_mixin.py:190} INFO - 🧪 View experiment at: http://rfs_mlflow:5000/#/experiments/1
[2025-12-15T16:10:43.596+0000] {logging_mixin.py:190} WARNING - /home/airflow/.local/lib/python3.12/site-packages/sklearn/utils/validation.py:2691: UserWarning: X does not have valid feature names, but LGBMRegressor was fitted with feature names
  warnings.warn(
[2025-12-15T16:10:43.600+0000] {logging_mixin.py:190} WARNING - /home/airflow/.local/lib/python3.12/site-packages/sklearn/utils/validation.py:2691: UserWarning: X does not have valid feature names, but LGBMRegressor was fitted with feature names
  warnings.warn(
[2025-12-15T16:10:43.601+0000] {train.py:78} INFO - [LightGBM] Test RMSE: 9351, Gap: -479, MAE: 7255
[2025-12-15T16:10:43.792+0000] {logging_mixin.py:190} WARNING - /home/airflow/.local/lib/python3.12/site-packages/sklearn/utils/validation.py:2691: UserWarning: X does not have valid feature names, but LGBMRegressor was fitted with feature names
  warnings.warn(
[2025-12-15T16:10:43.794+0000] {logging_mixin.py:190} WARNING - 2025/12/15 16:10:43 WARNING mlflow.models.model: `artifact_path` is deprecated. Please use `name` instead.
[2025-12-15T16:10:45.403+0000] {logging_mixin.py:190} INFO - 🏃 View run Benchmark_LightGBM at: http://rfs_mlflow:5000/#/experiments/1/runs/2c5de5ff42444fdba69ab1f5fd50c288
[2025-12-15T16:10:45.403+0000] {logging_mixin.py:190} INFO - 🧪 View experiment at: http://rfs_mlflow:5000/#/experiments/1
[2025-12-15T16:10:45.448+0000] {train.py:149} INFO - 🏆 BENCHMARK WINNER: XGBoost with RMSE: 5896.94
[2025-12-15T16:10:45.448+0000] {logging_mixin.py:190} INFO - 🏆 Kazanan Model: XGBoost
[2025-12-15T16:10:45.448+0000] {train.py:156} INFO - 🚀 Starting Optimization for Champion: XGBoost
[2025-12-15T16:10:54.917+0000] {train.py:334} INFO - Best Params for XGBoost: {'n_estimators': 648, 'max_depth': 5, 'learning_rate': 0.1757142426147239, 'subsample': 0.8855104438153354, 'colsample_bytree': 0.869290067453783}
[2025-12-15T16:10:55.103+0000] {train.py:78} INFO - [Champion] Test RMSE: 6186, Gap: 6102, MAE: 4434
[2025-12-15T16:10:55.214+0000] {train.py:352} INFO - ✅ Kategorik seçenekler (metadata) MLflow'a kaydedildi.
[2025-12-15T16:10:55.218+0000] {logging_mixin.py:190} WARNING - 2025/12/15 16:10:55 WARNING mlflow.models.model: `artifact_path` is deprecated. Please use `name` instead.
[2025-12-15T16:10:56.857+0000] {logging_mixin.py:190} WARNING - Successfully registered model 'RFS_Laptop_Price_Predictor'.
[2025-12-15T16:10:56.926+0000] {logging_mixin.py:190} WARNING - 2025/12/15 16:10:56 INFO mlflow.store.model_registry.abstract_store: Waiting up to 300 seconds for model version to finish creation. Model name: RFS_Laptop_Price_Predictor, version 1
[2025-12-15T16:10:56.926+0000] {logging_mixin.py:190} WARNING - Created version '1' of model 'RFS_Laptop_Price_Predictor'.
[2025-12-15T16:10:57.081+0000] {train.py:417} INFO - Champion Model Saved! Version: 1 -> Alias: @champion
[2025-12-15T16:10:57.090+0000] {logging_mixin.py:190} INFO - 🏃 View run Champion_XGBoost_Optimized at: http://rfs_mlflow:5000/#/experiments/1/runs/6c3e625381294662914a6b114453e1b5
[2025-12-15T16:10:57.090+0000] {logging_mixin.py:190} INFO - 🧪 View experiment at: http://rfs_mlflow:5000/#/experiments/1
[2025-12-15T16:10:57.138+0000] {logging_mixin.py:190} INFO - ✅ Şampiyon model optimize edildi ve MLflow'a kaydedildi.
[2025-12-15T16:10:57.139+0000] {python.py:240} INFO - Done. Returned value was: None
[2025-12-15T16:10:57.145+0000] {taskinstance.py:340} INFO - ::group::Post task execution logs
[2025-12-15T16:10:57.145+0000] {taskinstance.py:352} INFO - Marking task as SUCCESS. dag_id=01_rfs_hybrid_pipeline, task_id=train_model_process, run_id=manual__2025-12-15T16:08:18+00:00, execution_date=20251215T160818, start_date=20251215T161031, end_date=20251215T161057
[2025-12-15T16:10:57.176+0000] {local_task_job_runner.py:266} INFO - Task exited with return code 0
[2025-12-15T16:10:57.184+0000] {taskinstance.py:3895} INFO - 0 downstream tasks scheduled from follow-on schedule check
[2025-12-15T16:10:57.185+0000] {local_task_job_runner.py:245} INFO - ::endgroup::
