[2025-12-15T12:24:44.620+0000] {local_task_job_runner.py:123} INFO - ::group::Pre task execution logs
[2025-12-15T12:24:44.626+0000] {taskinstance.py:2613} INFO - Dependencies all met for dep_context=non-requeueable deps ti=<TaskInstance: 02_rfs_hybrid_pipeline.etl_feature_engineering manual__2025-12-15T12:21:51+00:00 [queued]>
[2025-12-15T12:24:44.628+0000] {taskinstance.py:2613} INFO - Dependencies all met for dep_context=requeueable deps ti=<TaskInstance: 02_rfs_hybrid_pipeline.etl_feature_engineering manual__2025-12-15T12:21:51+00:00 [queued]>
[2025-12-15T12:24:44.629+0000] {taskinstance.py:2866} INFO - Starting attempt 1 of 1
[2025-12-15T12:24:44.632+0000] {taskinstance.py:2889} INFO - Executing <Task(PythonOperator): etl_feature_engineering> on 2025-12-15 12:21:51+00:00
[2025-12-15T12:24:44.636+0000] {logging_mixin.py:190} WARNING - /home/airflow/.local/lib/python3.12/site-packages/airflow/task/task_runner/standard_task_runner.py:70 DeprecationWarning: This process (pid=333) is multi-threaded, use of fork() may lead to deadlocks in the child.
[2025-12-15T12:24:44.636+0000] {standard_task_runner.py:72} INFO - Started process 344 to run task
[2025-12-15T12:24:44.636+0000] {standard_task_runner.py:104} INFO - Running: ['airflow', 'tasks', 'run', '02_rfs_hybrid_pipeline', 'etl_feature_engineering', 'manual__2025-12-15T12:21:51+00:00', '--job-id', '4', '--raw', '--subdir', 'DAGS_FOLDER/01_rfs_hybrid_pipeline.py', '--cfg-path', '/tmp/tmpshviwpzd']
[2025-12-15T12:24:44.637+0000] {standard_task_runner.py:105} INFO - Job 4: Subtask etl_feature_engineering
[2025-12-15T12:24:44.656+0000] {task_command.py:467} INFO - Running <TaskInstance: 02_rfs_hybrid_pipeline.etl_feature_engineering manual__2025-12-15T12:21:51+00:00 [running]> on host b36233c36284
[2025-12-15T12:24:44.682+0000] {taskinstance.py:3132} INFO - Exporting env vars: AIRFLOW_CTX_DAG_OWNER='rfs_team' AIRFLOW_CTX_DAG_ID='02_rfs_hybrid_pipeline' AIRFLOW_CTX_TASK_ID='etl_feature_engineering' AIRFLOW_CTX_EXECUTION_DATE='2025-12-15T12:21:51+00:00' AIRFLOW_CTX_TRY_NUMBER='1' AIRFLOW_CTX_DAG_RUN_ID='manual__2025-12-15T12:21:51+00:00'
[2025-12-15T12:24:44.683+0000] {taskinstance.py:731} INFO - ::endgroup::
[2025-12-15T12:24:44.688+0000] {logging_mixin.py:190} INFO - 🚀 Airflow ETL Başlatılıyor...
[2025-12-15T12:24:44.688+0000] {connector.py:43} INFO - Veritabanı motoru başlatıldı. Hedef: postgres:5432/rfs_db
[2025-12-15T12:24:44.688+0000] {pipeline.py:299} INFO - Starting ETL Pipeline...
[2025-12-15T12:24:44.697+0000] {pipeline.py:131} INFO - Loaded LATEST raw data only. HB: 44, TY: 36
[2025-12-15T12:24:44.723+0000] {pipeline.py:291} INFO - Saved to transform.laptops: 70 rows
[2025-12-15T12:24:44.723+0000] {pipeline.py:250} INFO - Applying Feature Engineering (PPI, Grouping)...
[2025-12-15T12:24:44.733+0000] {pipeline.py:291} INFO - Saved to features.laptops_final: 69 rows
[2025-12-15T12:24:44.733+0000] {pipeline.py:315} INFO - ETL Pipeline completed successfully.
[2025-12-15T12:24:44.733+0000] {logging_mixin.py:190} INFO - ✅ ETL Başarıyla Tamamlandı!
[2025-12-15T12:24:44.733+0000] {python.py:240} INFO - Done. Returned value was: None
[2025-12-15T12:24:44.738+0000] {taskinstance.py:340} INFO - ::group::Post task execution logs
[2025-12-15T12:24:44.738+0000] {taskinstance.py:352} INFO - Marking task as SUCCESS. dag_id=02_rfs_hybrid_pipeline, task_id=etl_feature_engineering, run_id=manual__2025-12-15T12:21:51+00:00, execution_date=20251215T122151, start_date=20251215T122444, end_date=20251215T122444
[2025-12-15T12:24:44.776+0000] {local_task_job_runner.py:266} INFO - Task exited with return code 0
[2025-12-15T12:24:44.785+0000] {taskinstance.py:3895} INFO - 1 downstream tasks scheduled from follow-on schedule check
[2025-12-15T12:24:44.786+0000] {local_task_job_runner.py:245} INFO - ::endgroup::
