[2025-12-15T16:08:21.867+0000] {local_task_job_runner.py:123} INFO - ::group::Pre task execution logs
[2025-12-15T16:08:21.876+0000] {taskinstance.py:2613} INFO - Dependencies all met for dep_context=non-requeueable deps ti=<TaskInstance: 01_rfs_hybrid_pipeline.scrape_trendyol manual__2025-12-15T16:08:18+00:00 [queued]>
[2025-12-15T16:08:21.880+0000] {taskinstance.py:2613} INFO - Dependencies all met for dep_context=requeueable deps ti=<TaskInstance: 01_rfs_hybrid_pipeline.scrape_trendyol manual__2025-12-15T16:08:18+00:00 [queued]>
[2025-12-15T16:08:21.882+0000] {taskinstance.py:2866} INFO - Starting attempt 1 of 1
[2025-12-15T16:08:21.887+0000] {taskinstance.py:2889} INFO - Executing <Task(SSHOperator): scrape_trendyol> on 2025-12-15 16:08:18+00:00
[2025-12-15T16:08:21.890+0000] {logging_mixin.py:190} WARNING - /home/airflow/.local/lib/python3.12/site-packages/airflow/task/task_runner/standard_task_runner.py:70 DeprecationWarning: This process (pid=214) is multi-threaded, use of fork() may lead to deadlocks in the child.
[2025-12-15T16:08:21.891+0000] {standard_task_runner.py:72} INFO - Started process 236 to run task
[2025-12-15T16:08:21.891+0000] {standard_task_runner.py:104} INFO - Running: ['airflow', 'tasks', 'run', '01_rfs_hybrid_pipeline', 'scrape_trendyol', 'manual__2025-12-15T16:08:18+00:00', '--job-id', '2', '--raw', '--subdir', 'DAGS_FOLDER/01_rfs_hybrid_pipeline.py', '--cfg-path', '/tmp/tmpkq8jp031']
[2025-12-15T16:08:21.892+0000] {standard_task_runner.py:105} INFO - Job 2: Subtask scrape_trendyol
[2025-12-15T16:08:21.913+0000] {task_command.py:467} INFO - Running <TaskInstance: 01_rfs_hybrid_pipeline.scrape_trendyol manual__2025-12-15T16:08:18+00:00 [running]> on host 75b450f410af
[2025-12-15T16:08:22.072+0000] {taskinstance.py:3132} INFO - Exporting env vars: AIRFLOW_CTX_DAG_OWNER='rfs_team' AIRFLOW_CTX_DAG_ID='01_rfs_hybrid_pipeline' AIRFLOW_CTX_TASK_ID='scrape_trendyol' AIRFLOW_CTX_EXECUTION_DATE='2025-12-15T16:08:18+00:00' AIRFLOW_CTX_TRY_NUMBER='1' AIRFLOW_CTX_DAG_RUN_ID='manual__2025-12-15T16:08:18+00:00'
[2025-12-15T16:08:22.073+0000] {taskinstance.py:731} INFO - ::endgroup::
[2025-12-15T16:08:22.084+0000] {ssh.py:124} INFO - ssh_hook is not provided or invalid. Trying ssh_conn_id to create SSHHook.
[2025-12-15T16:08:22.089+0000] {base.py:84} INFO - Retrieving connection 'my_local_mac'
[2025-12-15T16:08:22.089+0000] {ssh.py:312} WARNING - No Host Key Verification. This won't protect against Man-In-The-Middle attacks
[2025-12-15T16:08:22.141+0000] {transport.py:1944} INFO - Connected (version 2.0, client OpenSSH_10.0)
[2025-12-15T16:08:22.405+0000] {transport.py:1944} INFO - Authentication (password) successful!
[2025-12-15T16:08:22.407+0000] {ssh.py:497} INFO - Running command: 
            export DISPLAY=:0 && 
            cd /Users/erwin/Developer/ml-dl/rfs-mlops && 
            /Users/erwin/Developer/ml-dl/rfs-mlops/.venv/bin/python run_scraping.py             --site ty             --ty-pages 2             --ty-url "https://www.trendyol.com/sr?wc=103108%2C106084&sst=MOST_RATED"
        
[2025-12-15T16:08:22.753+0000] {ssh.py:548} WARNING - 2025-12-15 19:08:22,752 [INFO] WebDriver başlatılıyor...
[2025-12-15T16:08:24.602+0000] {ssh.py:548} WARNING - 2025-12-15 19:08:24,601 [INFO] Link toplama: Sayfa 1 işleniyor (https://www.trendyol.com/sr?wc=103108%2C106084&sst=MOST_RATED&pi=1)...
[2025-12-15T16:08:26.036+0000] {ssh.py:548} WARNING - 2025-12-15 19:08:26,036 [INFO] Link toplama: Sayfa 2 işleniyor (https://www.trendyol.com/sr?wc=103108%2C106084&sst=MOST_RATED&pi=2)...
[2025-12-15T16:08:26.900+0000] {ssh.py:548} WARNING - 2025-12-15 19:08:26,900 [INFO] [DB] Veri links.ty tablosuna basıldı. (37 satır)
[2025-12-15T16:08:38.962+0000] {ssh.py:548} WARNING - 2025-12-15 19:08:38,961 [INFO] Detay toplama: 10/37 tamamlandı.
[2025-12-15T16:08:52.772+0000] {ssh.py:548} WARNING - 2025-12-15 19:08:52,771 [INFO] Detay toplama: 20/37 tamamlandı.
[2025-12-15T16:09:05.933+0000] {ssh.py:548} WARNING - 2025-12-15 19:09:05,933 [INFO] Detay toplama: 30/37 tamamlandı.
[2025-12-15T16:09:16.301+0000] {ssh.py:548} WARNING - 2025-12-15 19:09:16,300 [INFO] [DB] Veri raw.ty tablosuna basıldı. (37 satır)
[2025-12-15T16:09:16.302+0000] {ssh.py:548} WARNING - 2025-12-15 19:09:16,301 [INFO] WebDriver kapatılıyor...
[2025-12-15T16:09:16.552+0000] {ssh.py:543} INFO - >>> Trendyol başlıyor... (Sayfa: 2)
[2025-12-15T16:09:16.638+0000] {taskinstance.py:340} INFO - ::group::Post task execution logs
[2025-12-15T16:09:16.638+0000] {taskinstance.py:352} INFO - Marking task as SUCCESS. dag_id=01_rfs_hybrid_pipeline, task_id=scrape_trendyol, run_id=manual__2025-12-15T16:08:18+00:00, execution_date=20251215T160818, start_date=20251215T160821, end_date=20251215T160916
[2025-12-15T16:09:16.668+0000] {local_task_job_runner.py:266} INFO - Task exited with return code 0
[2025-12-15T16:09:16.678+0000] {taskinstance.py:3895} INFO - 0 downstream tasks scheduled from follow-on schedule check
[2025-12-15T16:09:16.679+0000] {local_task_job_runner.py:245} INFO - ::endgroup::
