[2025-12-15T12:24:45.687+0000] {local_task_job_runner.py:123} INFO - ::group::Pre task execution logs
[2025-12-15T12:24:45.696+0000] {taskinstance.py:2613} INFO - Dependencies all met for dep_context=non-requeueable deps ti=<TaskInstance: 02_rfs_hybrid_pipeline.train_model_process manual__2025-12-15T12:21:51+00:00 [queued]>
[2025-12-15T12:24:45.699+0000] {taskinstance.py:2613} INFO - Dependencies all met for dep_context=requeueable deps ti=<TaskInstance: 02_rfs_hybrid_pipeline.train_model_process manual__2025-12-15T12:21:51+00:00 [queued]>
[2025-12-15T12:24:45.699+0000] {taskinstance.py:2866} INFO - Starting attempt 1 of 1
[2025-12-15T12:24:45.704+0000] {taskinstance.py:2889} INFO - Executing <Task(PythonOperator): train_model_process> on 2025-12-15 12:21:51+00:00
[2025-12-15T12:24:45.708+0000] {logging_mixin.py:190} WARNING - /home/airflow/.local/lib/python3.12/site-packages/airflow/task/task_runner/standard_task_runner.py:70 DeprecationWarning: This process (pid=346) is multi-threaded, use of fork() may lead to deadlocks in the child.
[2025-12-15T12:24:45.709+0000] {standard_task_runner.py:72} INFO - Started process 357 to run task
[2025-12-15T12:24:45.709+0000] {standard_task_runner.py:104} INFO - Running: ['airflow', 'tasks', 'run', '02_rfs_hybrid_pipeline', 'train_model_process', 'manual__2025-12-15T12:21:51+00:00', '--job-id', '5', '--raw', '--subdir', 'DAGS_FOLDER/01_rfs_hybrid_pipeline.py', '--cfg-path', '/tmp/tmpu6g61m91']
[2025-12-15T12:24:45.710+0000] {standard_task_runner.py:105} INFO - Job 5: Subtask train_model_process
[2025-12-15T12:24:45.735+0000] {task_command.py:467} INFO - Running <TaskInstance: 02_rfs_hybrid_pipeline.train_model_process manual__2025-12-15T12:21:51+00:00 [running]> on host b36233c36284
[2025-12-15T12:24:45.766+0000] {taskinstance.py:3132} INFO - Exporting env vars: AIRFLOW_CTX_DAG_OWNER='rfs_team' AIRFLOW_CTX_DAG_ID='02_rfs_hybrid_pipeline' AIRFLOW_CTX_TASK_ID='train_model_process' AIRFLOW_CTX_EXECUTION_DATE='2025-12-15T12:21:51+00:00' AIRFLOW_CTX_TRY_NUMBER='1' AIRFLOW_CTX_DAG_RUN_ID='manual__2025-12-15T12:21:51+00:00'
[2025-12-15T12:24:45.767+0000] {taskinstance.py:731} INFO - ::endgroup::
[2025-12-15T12:24:45.772+0000] {logging_mixin.py:190} INFO - 🧠 Model Eğitimi Başlıyor...
[2025-12-15T12:24:45.789+0000] {logging_mixin.py:190} WARNING - 2025/12/15 12:24:45 INFO mlflow.tracking.fluent: Experiment with name 'RFS_Laptop_Price_Prediction_Production' does not exist. Creating a new experiment.
[2025-12-15T12:24:45.880+0000] {connector.py:43} INFO - Veritabanı motoru başlatıldı. Hedef: postgres:5432/rfs_db
[2025-12-15T12:24:45.888+0000] {data_loader.py:17} INFO - Training data loaded: 69 rows
[2025-12-15T12:24:45.889+0000] {train.py:64} INFO - Target Column: price_try
[2025-12-15T12:24:45.889+0000] {train.py:65} INFO - Dropped Columns (Configured): ['url', 'scraped_at', 'processed_at', 'created_at', 'title', 'intended_use', 'color', 'weight', 'cpu_model', 'hdd_gb', 'gpu_type', 'gpu_vram_type']
[2025-12-15T12:24:45.890+0000] {train.py:99} INFO - Starting Benchmarking Mode...
[2025-12-15T12:24:45.922+0000] {logging_mixin.py:190} WARNING - 2025/12/15 12:24:45 WARNING mlflow.utils.git_utils: Failed to import Git (the Git executable is probably not on your PATH), so Git SHA is not available. Error: Failed to initialize: Bad git executable.
The git executable must be specified in one of the following ways:
    - be included in your $PATH
    - be set via $GIT_PYTHON_GIT_EXECUTABLE
    - explicitly set via git.refresh(<full-path-to-git-executable>)

All git commands will error until this is rectified.

This initial message can be silenced or aggravated in the future by setting the
$GIT_PYTHON_REFRESH environment variable. Use one of the following values:
    - quiet|q|silence|s|silent|none|n|0: for no message or exception
    - warn|w|warning|log|l|1: for a warning message (logging level CRITICAL, displayed by default)
    - error|e|exception|raise|r|2: for a raised exception

Example:
    export GIT_PYTHON_REFRESH=quiet
[2025-12-15T12:24:46.039+0000] {train.py:83} INFO - [LinearRegression] Test RMSE: 328544, Gap: 327542, MAE: 151933
[2025-12-15T12:24:46.233+0000] {logging_mixin.py:190} WARNING - 2025/12/15 12:24:46 WARNING mlflow.models.model: `artifact_path` is deprecated. Please use `name` instead.
[2025-12-15T12:24:48.372+0000] {credentials.py:1147} INFO - Found credentials in environment variables.
[2025-12-15T12:24:48.490+0000] {logging_mixin.py:190} INFO - 🏃 View run Benchmark_LinearRegression at: http://rfs_mlflow:5000/#/experiments/1/runs/54f861612e51481c962b94f2b84c09f5
[2025-12-15T12:24:48.490+0000] {logging_mixin.py:190} INFO - 🧪 View experiment at: http://rfs_mlflow:5000/#/experiments/1
[2025-12-15T12:24:48.689+0000] {train.py:83} INFO - [Ridge] Test RMSE: 9448, Gap: 5751, MAE: 7183
[2025-12-15T12:24:48.886+0000] {logging_mixin.py:190} WARNING - 2025/12/15 12:24:48 WARNING mlflow.models.model: `artifact_path` is deprecated. Please use `name` instead.
[2025-12-15T12:24:50.418+0000] {logging_mixin.py:190} INFO - 🏃 View run Benchmark_Ridge at: http://rfs_mlflow:5000/#/experiments/1/runs/c469a1ee4d324781a924a60415aedac2
[2025-12-15T12:24:50.418+0000] {logging_mixin.py:190} INFO - 🧪 View experiment at: http://rfs_mlflow:5000/#/experiments/1
[2025-12-15T12:24:50.618+0000] {logging_mixin.py:190} WARNING - /home/airflow/.local/lib/python3.12/site-packages/sklearn/linear_model/_coordinate_descent.py:716: ConvergenceWarning: Objective did not converge. You might want to increase the number of iterations, check the scale of the features or consider increasing regularisation. Duality gap: 4.605e+07, tolerance: 2.066e+06
  model = cd_fast.enet_coordinate_descent(
[2025-12-15T12:24:50.623+0000] {train.py:83} INFO - [Lasso] Test RMSE: 20467, Gap: 19251, MAE: 14503
[2025-12-15T12:24:50.821+0000] {logging_mixin.py:190} WARNING - 2025/12/15 12:24:50 WARNING mlflow.models.model: `artifact_path` is deprecated. Please use `name` instead.
[2025-12-15T12:24:52.316+0000] {logging_mixin.py:190} INFO - 🏃 View run Benchmark_Lasso at: http://rfs_mlflow:5000/#/experiments/1/runs/0d451f5c39734adabfac84a5f6c47b43
[2025-12-15T12:24:52.316+0000] {logging_mixin.py:190} INFO - 🧪 View experiment at: http://rfs_mlflow:5000/#/experiments/1
[2025-12-15T12:24:52.556+0000] {train.py:83} INFO - [RandomForest] Test RMSE: 7947, Gap: 4707, MAE: 6540
[2025-12-15T12:24:52.705+0000] {logging_mixin.py:190} WARNING - 2025/12/15 12:24:52 WARNING mlflow.models.model: `artifact_path` is deprecated. Please use `name` instead.
[2025-12-15T12:24:54.176+0000] {logging_mixin.py:190} INFO - 🏃 View run Benchmark_RandomForest at: http://rfs_mlflow:5000/#/experiments/1/runs/af2da17648a2471e8e37675ce0d570db
[2025-12-15T12:24:54.176+0000] {logging_mixin.py:190} INFO - 🧪 View experiment at: http://rfs_mlflow:5000/#/experiments/1
[2025-12-15T12:24:54.417+0000] {train.py:83} INFO - [ExtraTrees] Test RMSE: 7735, Gap: 7649, MAE: 6136
[2025-12-15T12:24:54.567+0000] {logging_mixin.py:190} WARNING - 2025/12/15 12:24:54 WARNING mlflow.models.model: `artifact_path` is deprecated. Please use `name` instead.
[2025-12-15T12:24:56.045+0000] {logging_mixin.py:190} INFO - 🏃 View run Benchmark_ExtraTrees at: http://rfs_mlflow:5000/#/experiments/1/runs/7b000ade84db40e4b2b556b00a200a32
[2025-12-15T12:24:56.045+0000] {logging_mixin.py:190} INFO - 🧪 View experiment at: http://rfs_mlflow:5000/#/experiments/1
[2025-12-15T12:24:56.264+0000] {train.py:83} INFO - [XGBoost] Test RMSE: 11240, Gap: 11154, MAE: 6953
[2025-12-15T12:24:56.454+0000] {logging_mixin.py:190} WARNING - 2025/12/15 12:24:56 WARNING mlflow.models.model: `artifact_path` is deprecated. Please use `name` instead.
[2025-12-15T12:24:57.984+0000] {logging_mixin.py:190} INFO - 🏃 View run Benchmark_XGBoost at: http://rfs_mlflow:5000/#/experiments/1/runs/a132b471e41642eb857dce7845c56755
[2025-12-15T12:24:57.984+0000] {logging_mixin.py:190} INFO - 🧪 View experiment at: http://rfs_mlflow:5000/#/experiments/1
[2025-12-15T12:24:58.198+0000] {logging_mixin.py:190} WARNING - /home/airflow/.local/lib/python3.12/site-packages/sklearn/utils/validation.py:2691: UserWarning: X does not have valid feature names, but LGBMRegressor was fitted with feature names
  warnings.warn(
[2025-12-15T12:24:58.200+0000] {logging_mixin.py:190} WARNING - /home/airflow/.local/lib/python3.12/site-packages/sklearn/utils/validation.py:2691: UserWarning: X does not have valid feature names, but LGBMRegressor was fitted with feature names
  warnings.warn(
[2025-12-15T12:24:58.202+0000] {train.py:83} INFO - [LightGBM] Test RMSE: 8763, Gap: -3851, MAE: 7740
[2025-12-15T12:24:58.391+0000] {logging_mixin.py:190} WARNING - /home/airflow/.local/lib/python3.12/site-packages/sklearn/utils/validation.py:2691: UserWarning: X does not have valid feature names, but LGBMRegressor was fitted with feature names
  warnings.warn(
[2025-12-15T12:24:58.394+0000] {logging_mixin.py:190} WARNING - 2025/12/15 12:24:58 WARNING mlflow.models.model: `artifact_path` is deprecated. Please use `name` instead.
[2025-12-15T12:24:59.928+0000] {logging_mixin.py:190} INFO - 🏃 View run Benchmark_LightGBM at: http://rfs_mlflow:5000/#/experiments/1/runs/a0ad03de8328457eb6776894113470ab
[2025-12-15T12:24:59.929+0000] {logging_mixin.py:190} INFO - 🧪 View experiment at: http://rfs_mlflow:5000/#/experiments/1
[2025-12-15T12:24:59.972+0000] {train.py:156} INFO - 🏆 BENCHMARK WINNER: ExtraTrees with RMSE: 7735.15
[2025-12-15T12:24:59.973+0000] {logging_mixin.py:190} INFO - 🏆 Kazanan Model: ExtraTrees
[2025-12-15T12:24:59.973+0000] {train.py:163} INFO - 🚀 Starting Optimization for Champion: ExtraTrees
[2025-12-15T12:25:06.463+0000] {train.py:330} INFO - Best Params for ExtraTrees: {'n_estimators': 101, 'max_depth': 28, 'min_samples_split': 4}
[2025-12-15T12:25:06.656+0000] {train.py:83} INFO - [Champion] Test RMSE: 7526, Gap: 6191, MAE: 6042
[2025-12-15T12:25:06.721+0000] {logging_mixin.py:190} WARNING - 2025/12/15 12:25:06 WARNING mlflow.models.model: `artifact_path` is deprecated. Please use `name` instead.
[2025-12-15T12:25:08.224+0000] {train.py:376} INFO - Champion Model Saved to MLflow & MinIO!
[2025-12-15T12:25:08.229+0000] {logging_mixin.py:190} INFO - 🏃 View run Champion_ExtraTrees_Optimized at: http://rfs_mlflow:5000/#/experiments/1/runs/d7468fbb471b49dc8fb1c86b2fff53c9
[2025-12-15T12:25:08.229+0000] {logging_mixin.py:190} INFO - 🧪 View experiment at: http://rfs_mlflow:5000/#/experiments/1
[2025-12-15T12:25:08.274+0000] {logging_mixin.py:190} INFO - ✅ Şampiyon model optimize edildi ve MLflow'a kaydedildi.
[2025-12-15T12:25:08.274+0000] {python.py:240} INFO - Done. Returned value was: None
[2025-12-15T12:25:08.281+0000] {taskinstance.py:340} INFO - ::group::Post task execution logs
[2025-12-15T12:25:08.281+0000] {taskinstance.py:352} INFO - Marking task as SUCCESS. dag_id=02_rfs_hybrid_pipeline, task_id=train_model_process, run_id=manual__2025-12-15T12:21:51+00:00, execution_date=20251215T122151, start_date=20251215T122445, end_date=20251215T122508
[2025-12-15T12:25:08.298+0000] {local_task_job_runner.py:266} INFO - Task exited with return code 0
[2025-12-15T12:25:08.304+0000] {taskinstance.py:3895} INFO - 0 downstream tasks scheduled from follow-on schedule check
[2025-12-15T12:25:08.305+0000] {local_task_job_runner.py:245} INFO - ::endgroup::
