[2025-12-15T14:50:18.306+0000] {local_task_job_runner.py:123} INFO - ::group::Pre task execution logs
[2025-12-15T14:50:18.314+0000] {taskinstance.py:2613} INFO - Dependencies all met for dep_context=non-requeueable deps ti=<TaskInstance: 01_rfs_hybrid_pipeline.scrape_hepsiburada manual__2025-12-15T14:50:14+00:00 [queued]>
[2025-12-15T14:50:18.318+0000] {taskinstance.py:2613} INFO - Dependencies all met for dep_context=requeueable deps ti=<TaskInstance: 01_rfs_hybrid_pipeline.scrape_hepsiburada manual__2025-12-15T14:50:14+00:00 [queued]>
[2025-12-15T14:50:18.319+0000] {taskinstance.py:2866} INFO - Starting attempt 1 of 1
[2025-12-15T14:50:18.324+0000] {taskinstance.py:2889} INFO - Executing <Task(SSHOperator): scrape_hepsiburada> on 2025-12-15 14:50:14+00:00
[2025-12-15T14:50:18.329+0000] {logging_mixin.py:190} WARNING - /home/airflow/.local/lib/python3.12/site-packages/airflow/task/task_runner/standard_task_runner.py:70 DeprecationWarning: This process (pid=1286) is multi-threaded, use of fork() may lead to deadlocks in the child.
[2025-12-15T14:50:18.329+0000] {standard_task_runner.py:104} INFO - Running: ['airflow', 'tasks', 'run', '01_rfs_hybrid_pipeline', 'scrape_hepsiburada', 'manual__2025-12-15T14:50:14+00:00', '--job-id', '10', '--raw', '--subdir', 'DAGS_FOLDER/01_rfs_hybrid_pipeline.py', '--cfg-path', '/tmp/tmpxw4uqupo']
[2025-12-15T14:50:18.330+0000] {standard_task_runner.py:72} INFO - Started process 1308 to run task
[2025-12-15T14:50:18.330+0000] {standard_task_runner.py:105} INFO - Job 10: Subtask scrape_hepsiburada
[2025-12-15T14:50:18.350+0000] {task_command.py:467} INFO - Running <TaskInstance: 01_rfs_hybrid_pipeline.scrape_hepsiburada manual__2025-12-15T14:50:14+00:00 [running]> on host df6aa8942030
[2025-12-15T14:50:18.380+0000] {taskinstance.py:3132} INFO - Exporting env vars: AIRFLOW_CTX_DAG_OWNER='rfs_team' AIRFLOW_CTX_DAG_ID='01_rfs_hybrid_pipeline' AIRFLOW_CTX_TASK_ID='scrape_hepsiburada' AIRFLOW_CTX_EXECUTION_DATE='2025-12-15T14:50:14+00:00' AIRFLOW_CTX_TRY_NUMBER='1' AIRFLOW_CTX_DAG_RUN_ID='manual__2025-12-15T14:50:14+00:00'
[2025-12-15T14:50:18.381+0000] {taskinstance.py:731} INFO - ::endgroup::
[2025-12-15T14:50:18.386+0000] {ssh.py:124} INFO - ssh_hook is not provided or invalid. Trying ssh_conn_id to create SSHHook.
[2025-12-15T14:50:18.390+0000] {base.py:84} INFO - Retrieving connection 'my_local_mac'
[2025-12-15T14:50:18.390+0000] {ssh.py:312} WARNING - No Host Key Verification. This won't protect against Man-In-The-Middle attacks
[2025-12-15T14:50:18.437+0000] {transport.py:1944} INFO - Connected (version 2.0, client OpenSSH_10.0)
[2025-12-15T14:50:18.696+0000] {transport.py:1944} INFO - Authentication (password) successful!
[2025-12-15T14:50:18.697+0000] {ssh.py:497} INFO - Running command: 
            export DISPLAY=:0 && 
            cd /Users/erwin/Developer/ml-dl/rfs-mlops && 
            /Users/erwin/Developer/ml-dl/rfs-mlops/.venv/bin/python run_scraping.py             --site hb             --hb-pages 1             --hb-url "https://www.hepsiburada.com/laptop-notebook-dizustu-bilgisayarlar-c-98?puan=3-max&sayfa="
        
[2025-12-15T14:50:19.024+0000] {ssh.py:548} WARNING - 2025-12-15 17:50:19,023 [INFO] WebDriver başlatılıyor...
[2025-12-15T14:50:19.799+0000] {ssh.py:548} WARNING - 2025-12-15 17:50:19,798 [INFO] Link toplama: Sayfa 1 işleniyor...
[2025-12-15T14:50:24.521+0000] {ssh.py:548} WARNING - 2025-12-15 17:50:24,520 [INFO] [DB] Veri links.hb tablosuna basıldı. (43 satır)
[2025-12-15T14:50:49.055+0000] {ssh.py:548} WARNING - 2025-12-15 17:50:49,054 [INFO] Detay toplama: 10/43 tamamlandı.
[2025-12-15T14:51:13.103+0000] {ssh.py:548} WARNING - 2025-12-15 17:51:13,102 [INFO] Detay toplama: 20/43 tamamlandı.
[2025-12-15T14:51:34.246+0000] {ssh.py:548} WARNING - 2025-12-15 17:51:34,245 [INFO] Detay toplama: 30/43 tamamlandı.
[2025-12-15T14:52:33.785+0000] {ssh.py:548} WARNING - 2025-12-15 17:52:33,784 [INFO] Detay toplama: 40/43 tamamlandı.
[2025-12-15T14:52:41.594+0000] {ssh.py:548} WARNING - 2025-12-15 17:52:41,586 [INFO] [DB] Veri raw.hb tablosuna basıldı. (43 satır)
[2025-12-15T14:52:41.596+0000] {ssh.py:548} WARNING - 2025-12-15 17:52:41,586 [INFO] WebDriver kapatılıyor...
[2025-12-15T14:52:41.746+0000] {ssh.py:543} INFO - >>> Hepsiburada başlıyor... (Sayfa: 1)
[2025-12-15T14:52:41.821+0000] {taskinstance.py:340} INFO - ::group::Post task execution logs
[2025-12-15T14:52:41.821+0000] {taskinstance.py:352} INFO - Marking task as SUCCESS. dag_id=01_rfs_hybrid_pipeline, task_id=scrape_hepsiburada, run_id=manual__2025-12-15T14:50:14+00:00, execution_date=20251215T145014, start_date=20251215T145018, end_date=20251215T145241
[2025-12-15T14:52:41.858+0000] {local_task_job_runner.py:266} INFO - Task exited with return code 0
[2025-12-15T14:52:41.870+0000] {taskinstance.py:3895} INFO - 1 downstream tasks scheduled from follow-on schedule check
[2025-12-15T14:52:41.871+0000] {local_task_job_runner.py:245} INFO - ::endgroup::
