[2025-12-15T14:43:31.208+0000] {local_task_job_runner.py:123} INFO - ::group::Pre task execution logs
[2025-12-15T14:43:31.213+0000] {taskinstance.py:2613} INFO - Dependencies all met for dep_context=non-requeueable deps ti=<TaskInstance: 01_rfs_hybrid_pipeline.train_model_process manual__2025-12-15T14:40:36+00:00 [queued]>
[2025-12-15T14:43:31.215+0000] {taskinstance.py:2613} INFO - Dependencies all met for dep_context=requeueable deps ti=<TaskInstance: 01_rfs_hybrid_pipeline.train_model_process manual__2025-12-15T14:40:36+00:00 [queued]>
[2025-12-15T14:43:31.215+0000] {taskinstance.py:2866} INFO - Starting attempt 1 of 1
[2025-12-15T14:43:31.218+0000] {taskinstance.py:2889} INFO - Executing <Task(PythonOperator): train_model_process> on 2025-12-15 14:40:36+00:00
[2025-12-15T14:43:31.222+0000] {logging_mixin.py:190} WARNING - /home/airflow/.local/lib/python3.12/site-packages/airflow/task/task_runner/standard_task_runner.py:70 DeprecationWarning: This process (pid=815) is multi-threaded, use of fork() may lead to deadlocks in the child.
[2025-12-15T14:43:31.222+0000] {standard_task_runner.py:72} INFO - Started process 826 to run task
[2025-12-15T14:43:31.222+0000] {standard_task_runner.py:104} INFO - Running: ['airflow', 'tasks', 'run', '01_rfs_hybrid_pipeline', 'train_model_process', 'manual__2025-12-15T14:40:36+00:00', '--job-id', '9', '--raw', '--subdir', 'DAGS_FOLDER/01_rfs_hybrid_pipeline.py', '--cfg-path', '/tmp/tmpcn318ln9']
[2025-12-15T14:43:31.223+0000] {standard_task_runner.py:105} INFO - Job 9: Subtask train_model_process
[2025-12-15T14:43:31.240+0000] {task_command.py:467} INFO - Running <TaskInstance: 01_rfs_hybrid_pipeline.train_model_process manual__2025-12-15T14:40:36+00:00 [running]> on host df6aa8942030
[2025-12-15T14:43:31.265+0000] {taskinstance.py:3132} INFO - Exporting env vars: AIRFLOW_CTX_DAG_OWNER='rfs_team' AIRFLOW_CTX_DAG_ID='01_rfs_hybrid_pipeline' AIRFLOW_CTX_TASK_ID='train_model_process' AIRFLOW_CTX_EXECUTION_DATE='2025-12-15T14:40:36+00:00' AIRFLOW_CTX_TRY_NUMBER='1' AIRFLOW_CTX_DAG_RUN_ID='manual__2025-12-15T14:40:36+00:00'
[2025-12-15T14:43:31.266+0000] {taskinstance.py:731} INFO - ::endgroup::
[2025-12-15T14:43:31.270+0000] {logging_mixin.py:190} INFO - 🧠 Model Eğitimi Başlıyor...
[2025-12-15T14:43:31.285+0000] {connector.py:43} INFO - Veritabanı motoru başlatıldı. Hedef: postgres:5432/rfs_db
[2025-12-15T14:43:31.292+0000] {data_loader.py:17} INFO - Training data loaded: 70 rows
[2025-12-15T14:43:31.293+0000] {train.py:64} INFO - Target Column: price_try
[2025-12-15T14:43:31.293+0000] {train.py:65} INFO - Dropped Columns (Configured): ['url', 'scraped_at', 'processed_at', 'created_at', 'title', 'intended_use', 'color', 'weight', 'cpu_model', 'hdd_gb', 'gpu_type', 'gpu_vram_type']
[2025-12-15T14:43:31.293+0000] {train.py:99} INFO - Starting Benchmarking Mode...
[2025-12-15T14:43:31.311+0000] {logging_mixin.py:190} WARNING - 2025/12/15 14:43:31 WARNING mlflow.utils.git_utils: Failed to import Git (the Git executable is probably not on your PATH), so Git SHA is not available. Error: Failed to initialize: Bad git executable.
The git executable must be specified in one of the following ways:
    - be included in your $PATH
    - be set via $GIT_PYTHON_GIT_EXECUTABLE
    - explicitly set via git.refresh(<full-path-to-git-executable>)

All git commands will error until this is rectified.

This initial message can be silenced or aggravated in the future by setting the
$GIT_PYTHON_REFRESH environment variable. Use one of the following values:
    - quiet|q|silence|s|silent|none|n|0: for no message or exception
    - warn|w|warning|log|l|1: for a warning message (logging level CRITICAL, displayed by default)
    - error|e|exception|raise|r|2: for a raised exception

Example:
    export GIT_PYTHON_REFRESH=quiet
[2025-12-15T14:43:31.464+0000] {train.py:83} INFO - [LinearRegression] Test RMSE: 20294, Gap: 18775, MAE: 16498
[2025-12-15T14:43:31.659+0000] {logging_mixin.py:190} WARNING - 2025/12/15 14:43:31 WARNING mlflow.models.model: `artifact_path` is deprecated. Please use `name` instead.
[2025-12-15T14:43:33.440+0000] {credentials.py:1147} INFO - Found credentials in environment variables.
[2025-12-15T14:43:33.487+0000] {logging_mixin.py:190} INFO - 🏃 View run Benchmark_LinearRegression at: http://rfs_mlflow:5000/#/experiments/1/runs/eeccd60f157d42599ef60e55d44e8b87
[2025-12-15T14:43:33.488+0000] {logging_mixin.py:190} INFO - 🧪 View experiment at: http://rfs_mlflow:5000/#/experiments/1
[2025-12-15T14:43:33.682+0000] {train.py:83} INFO - [Ridge] Test RMSE: 5571, Gap: 1629, MAE: 4462
[2025-12-15T14:43:33.874+0000] {logging_mixin.py:190} WARNING - 2025/12/15 14:43:33 WARNING mlflow.models.model: `artifact_path` is deprecated. Please use `name` instead.
[2025-12-15T14:43:35.342+0000] {logging_mixin.py:190} INFO - 🏃 View run Benchmark_Ridge at: http://rfs_mlflow:5000/#/experiments/1/runs/658c642d8d1640a2bb5bfe806f17719c
[2025-12-15T14:43:35.343+0000] {logging_mixin.py:190} INFO - 🧪 View experiment at: http://rfs_mlflow:5000/#/experiments/1
[2025-12-15T14:43:35.536+0000] {logging_mixin.py:190} WARNING - /home/airflow/.local/lib/python3.12/site-packages/sklearn/linear_model/_coordinate_descent.py:716: ConvergenceWarning: Objective did not converge. You might want to increase the number of iterations, check the scale of the features or consider increasing regularisation. Duality gap: 8.628e+06, tolerance: 1.845e+06
  model = cd_fast.enet_coordinate_descent(
[2025-12-15T14:43:35.542+0000] {train.py:83} INFO - [Lasso] Test RMSE: 13662, Gap: 12090, MAE: 10961
[2025-12-15T14:43:35.735+0000] {logging_mixin.py:190} WARNING - 2025/12/15 14:43:35 WARNING mlflow.models.model: `artifact_path` is deprecated. Please use `name` instead.
[2025-12-15T14:43:37.207+0000] {logging_mixin.py:190} INFO - 🏃 View run Benchmark_Lasso at: http://rfs_mlflow:5000/#/experiments/1/runs/0292da9393204280b188275279f0952b
[2025-12-15T14:43:37.207+0000] {logging_mixin.py:190} INFO - 🧪 View experiment at: http://rfs_mlflow:5000/#/experiments/1
[2025-12-15T14:43:37.448+0000] {train.py:83} INFO - [RandomForest] Test RMSE: 6618, Gap: 3770, MAE: 5264
[2025-12-15T14:43:37.598+0000] {logging_mixin.py:190} WARNING - 2025/12/15 14:43:37 WARNING mlflow.models.model: `artifact_path` is deprecated. Please use `name` instead.
[2025-12-15T14:43:39.064+0000] {logging_mixin.py:190} INFO - 🏃 View run Benchmark_RandomForest at: http://rfs_mlflow:5000/#/experiments/1/runs/056b8358e3774ad5a9260a8d43b87eb6
[2025-12-15T14:43:39.064+0000] {logging_mixin.py:190} INFO - 🧪 View experiment at: http://rfs_mlflow:5000/#/experiments/1
[2025-12-15T14:43:39.303+0000] {train.py:83} INFO - [ExtraTrees] Test RMSE: 4920, Gap: 4920, MAE: 3471
[2025-12-15T14:43:39.454+0000] {logging_mixin.py:190} WARNING - 2025/12/15 14:43:39 WARNING mlflow.models.model: `artifact_path` is deprecated. Please use `name` instead.
[2025-12-15T14:43:40.924+0000] {logging_mixin.py:190} INFO - 🏃 View run Benchmark_ExtraTrees at: http://rfs_mlflow:5000/#/experiments/1/runs/8166b66857cf4da8baf18749f6ea2bfc
[2025-12-15T14:43:40.924+0000] {logging_mixin.py:190} INFO - 🧪 View experiment at: http://rfs_mlflow:5000/#/experiments/1
[2025-12-15T14:43:41.138+0000] {train.py:83} INFO - [XGBoost] Test RMSE: 6382, Gap: 6382, MAE: 4038
[2025-12-15T14:43:41.331+0000] {logging_mixin.py:190} WARNING - 2025/12/15 14:43:41 WARNING mlflow.models.model: `artifact_path` is deprecated. Please use `name` instead.
[2025-12-15T14:43:42.784+0000] {logging_mixin.py:190} INFO - 🏃 View run Benchmark_XGBoost at: http://rfs_mlflow:5000/#/experiments/1/runs/95e0f717c47c48d9a47d8daf2fa7c0ed
[2025-12-15T14:43:42.784+0000] {logging_mixin.py:190} INFO - 🧪 View experiment at: http://rfs_mlflow:5000/#/experiments/1
[2025-12-15T14:43:42.984+0000] {logging_mixin.py:190} WARNING - /home/airflow/.local/lib/python3.12/site-packages/sklearn/utils/validation.py:2691: UserWarning: X does not have valid feature names, but LGBMRegressor was fitted with feature names
  warnings.warn(
[2025-12-15T14:43:42.987+0000] {logging_mixin.py:190} WARNING - /home/airflow/.local/lib/python3.12/site-packages/sklearn/utils/validation.py:2691: UserWarning: X does not have valid feature names, but LGBMRegressor was fitted with feature names
  warnings.warn(
[2025-12-15T14:43:42.988+0000] {train.py:83} INFO - [LightGBM] Test RMSE: 6972, Gap: -3457, MAE: 6354
[2025-12-15T14:43:43.180+0000] {logging_mixin.py:190} WARNING - /home/airflow/.local/lib/python3.12/site-packages/sklearn/utils/validation.py:2691: UserWarning: X does not have valid feature names, but LGBMRegressor was fitted with feature names
  warnings.warn(
[2025-12-15T14:43:43.182+0000] {logging_mixin.py:190} WARNING - 2025/12/15 14:43:43 WARNING mlflow.models.model: `artifact_path` is deprecated. Please use `name` instead.
[2025-12-15T14:43:44.726+0000] {logging_mixin.py:190} INFO - 🏃 View run Benchmark_LightGBM at: http://rfs_mlflow:5000/#/experiments/1/runs/bb2bdfbf2cb94cfca944531ee2e31b86
[2025-12-15T14:43:44.726+0000] {logging_mixin.py:190} INFO - 🧪 View experiment at: http://rfs_mlflow:5000/#/experiments/1
[2025-12-15T14:43:44.770+0000] {train.py:156} INFO - 🏆 BENCHMARK WINNER: ExtraTrees with RMSE: 4920.04
[2025-12-15T14:43:44.770+0000] {logging_mixin.py:190} INFO - 🏆 Kazanan Model: ExtraTrees
[2025-12-15T14:43:44.771+0000] {train.py:163} INFO - 🚀 Starting Optimization for Champion: ExtraTrees
[2025-12-15T14:43:50.808+0000] {train.py:330} INFO - Best Params for ExtraTrees: {'n_estimators': 199, 'max_depth': 30, 'min_samples_split': 10}
[2025-12-15T14:43:50.985+0000] {train.py:83} INFO - [Champion] Test RMSE: 5156, Gap: 1955, MAE: 3994
[2025-12-15T14:43:51.050+0000] {logging_mixin.py:190} WARNING - 2025/12/15 14:43:51 WARNING mlflow.models.model: `artifact_path` is deprecated. Please use `name` instead.
[2025-12-15T14:43:52.690+0000] {logging_mixin.py:190} WARNING - Registered model 'RFS_Laptop_Price_Predictor' already exists. Creating a new version of this model...
[2025-12-15T14:43:52.764+0000] {logging_mixin.py:190} WARNING - 2025/12/15 14:43:52 INFO mlflow.store.model_registry.abstract_store: Waiting up to 300 seconds for model version to finish creation. Model name: RFS_Laptop_Price_Predictor, version 2
[2025-12-15T14:43:52.764+0000] {logging_mixin.py:190} WARNING - Created version '2' of model 'RFS_Laptop_Price_Predictor'.
[2025-12-15T14:43:52.821+0000] {train.py:381} INFO - Champion Model Saved to MLflow Registry & MinIO!
[2025-12-15T14:43:52.881+0000] {logging_mixin.py:190} INFO - 🏃 View run Champion_ExtraTrees_Optimized at: http://rfs_mlflow:5000/#/experiments/1/runs/a47bf6d6ba1447619849673992525e3f
[2025-12-15T14:43:52.881+0000] {logging_mixin.py:190} INFO - 🧪 View experiment at: http://rfs_mlflow:5000/#/experiments/1
[2025-12-15T14:43:52.926+0000] {logging_mixin.py:190} INFO - ✅ Şampiyon model optimize edildi ve MLflow'a kaydedildi.
[2025-12-15T14:43:52.926+0000] {python.py:240} INFO - Done. Returned value was: None
[2025-12-15T14:43:52.931+0000] {taskinstance.py:340} INFO - ::group::Post task execution logs
[2025-12-15T14:43:52.931+0000] {taskinstance.py:352} INFO - Marking task as SUCCESS. dag_id=01_rfs_hybrid_pipeline, task_id=train_model_process, run_id=manual__2025-12-15T14:40:36+00:00, execution_date=20251215T144036, start_date=20251215T144331, end_date=20251215T144352
[2025-12-15T14:43:52.967+0000] {local_task_job_runner.py:266} INFO - Task exited with return code 0
[2025-12-15T14:43:52.974+0000] {taskinstance.py:3895} INFO - 0 downstream tasks scheduled from follow-on schedule check
[2025-12-15T14:43:52.975+0000] {local_task_job_runner.py:245} INFO - ::endgroup::
