[2025-12-15T14:40:42.097+0000] {local_task_job_runner.py:123} INFO - ::group::Pre task execution logs
[2025-12-15T14:40:42.105+0000] {taskinstance.py:2613} INFO - Dependencies all met for dep_context=non-requeueable deps ti=<TaskInstance: 01_rfs_hybrid_pipeline.scrape_hepsiburada manual__2025-12-15T14:40:36+00:00 [queued]>
[2025-12-15T14:40:42.108+0000] {taskinstance.py:2613} INFO - Dependencies all met for dep_context=requeueable deps ti=<TaskInstance: 01_rfs_hybrid_pipeline.scrape_hepsiburada manual__2025-12-15T14:40:36+00:00 [queued]>
[2025-12-15T14:40:42.108+0000] {taskinstance.py:2866} INFO - Starting attempt 1 of 1
[2025-12-15T14:40:42.113+0000] {taskinstance.py:2889} INFO - Executing <Task(SSHOperator): scrape_hepsiburada> on 2025-12-15 14:40:36+00:00
[2025-12-15T14:40:42.117+0000] {logging_mixin.py:190} WARNING - /home/airflow/.local/lib/python3.12/site-packages/airflow/task/task_runner/standard_task_runner.py:70 DeprecationWarning: This process (pid=682) is multi-threaded, use of fork() may lead to deadlocks in the child.
[2025-12-15T14:40:42.117+0000] {standard_task_runner.py:72} INFO - Started process 706 to run task
[2025-12-15T14:40:42.117+0000] {standard_task_runner.py:104} INFO - Running: ['airflow', 'tasks', 'run', '01_rfs_hybrid_pipeline', 'scrape_hepsiburada', 'manual__2025-12-15T14:40:36+00:00', '--job-id', '7', '--raw', '--subdir', 'DAGS_FOLDER/01_rfs_hybrid_pipeline.py', '--cfg-path', '/tmp/tmp88vw2rvh']
[2025-12-15T14:40:42.118+0000] {standard_task_runner.py:105} INFO - Job 7: Subtask scrape_hepsiburada
[2025-12-15T14:40:42.138+0000] {task_command.py:467} INFO - Running <TaskInstance: 01_rfs_hybrid_pipeline.scrape_hepsiburada manual__2025-12-15T14:40:36+00:00 [running]> on host df6aa8942030
[2025-12-15T14:40:42.171+0000] {taskinstance.py:3132} INFO - Exporting env vars: AIRFLOW_CTX_DAG_OWNER='rfs_team' AIRFLOW_CTX_DAG_ID='01_rfs_hybrid_pipeline' AIRFLOW_CTX_TASK_ID='scrape_hepsiburada' AIRFLOW_CTX_EXECUTION_DATE='2025-12-15T14:40:36+00:00' AIRFLOW_CTX_TRY_NUMBER='1' AIRFLOW_CTX_DAG_RUN_ID='manual__2025-12-15T14:40:36+00:00'
[2025-12-15T14:40:42.172+0000] {taskinstance.py:731} INFO - ::endgroup::
[2025-12-15T14:40:42.177+0000] {ssh.py:124} INFO - ssh_hook is not provided or invalid. Trying ssh_conn_id to create SSHHook.
[2025-12-15T14:40:42.181+0000] {base.py:84} INFO - Retrieving connection 'my_local_mac'
[2025-12-15T14:40:42.181+0000] {ssh.py:312} WARNING - No Host Key Verification. This won't protect against Man-In-The-Middle attacks
[2025-12-15T14:40:42.226+0000] {transport.py:1944} INFO - Connected (version 2.0, client OpenSSH_10.0)
[2025-12-15T14:40:42.489+0000] {transport.py:1944} INFO - Authentication (password) successful!
[2025-12-15T14:40:42.492+0000] {ssh.py:497} INFO - Running command: 
            export DISPLAY=:0 && 
            cd /Users/erwin/Developer/ml-dl/rfs-mlops && 
            /Users/erwin/Developer/ml-dl/rfs-mlops/.venv/bin/python run_scraping.py             --site hb             --hb-pages 1             --hb-url "https://www.hepsiburada.com/laptop-notebook-dizustu-bilgisayarlar-c-98?puan=3-max&sayfa="
        
[2025-12-15T14:40:42.872+0000] {ssh.py:548} WARNING - 2025-12-15 17:40:42,870 [INFO] WebDriver başlatılıyor...
[2025-12-15T14:40:43.896+0000] {ssh.py:548} WARNING - 2025-12-15 17:40:43,890 [INFO] Link toplama: Sayfa 1 işleniyor...
[2025-12-15T14:40:48.901+0000] {ssh.py:548} WARNING - 2025-12-15 17:40:48,900 [INFO] [DB] Veri links.hb tablosuna basıldı. (43 satır)
[2025-12-15T14:41:34.009+0000] {ssh.py:548} WARNING - 2025-12-15 17:41:34,010 [INFO] Detay toplama: 10/43 tamamlandı.
[2025-12-15T14:41:54.098+0000] {ssh.py:548} WARNING - 2025-12-15 17:41:54,098 [INFO] Detay toplama: 20/43 tamamlandı.
[2025-12-15T14:42:19.490+0000] {ssh.py:548} WARNING - 2025-12-15 17:42:19,490 [INFO] Detay toplama: 30/43 tamamlandı.
[2025-12-15T14:43:20.489+0000] {ssh.py:548} WARNING - 2025-12-15 17:43:20,488 [INFO] Detay toplama: 40/43 tamamlandı.
[2025-12-15T14:43:28.582+0000] {ssh.py:548} WARNING - 2025-12-15 17:43:28,577 [INFO] [DB] Veri raw.hb tablosuna basıldı. (43 satır)
[2025-12-15T14:43:28.583+0000] {ssh.py:548} WARNING - 2025-12-15 17:43:28,578 [INFO] WebDriver kapatılıyor...
[2025-12-15T14:43:28.740+0000] {ssh.py:543} INFO - >>> Hepsiburada başlıyor... (Sayfa: 1)
[2025-12-15T14:43:28.813+0000] {taskinstance.py:340} INFO - ::group::Post task execution logs
[2025-12-15T14:43:28.813+0000] {taskinstance.py:352} INFO - Marking task as SUCCESS. dag_id=01_rfs_hybrid_pipeline, task_id=scrape_hepsiburada, run_id=manual__2025-12-15T14:40:36+00:00, execution_date=20251215T144036, start_date=20251215T144042, end_date=20251215T144328
[2025-12-15T14:43:28.837+0000] {local_task_job_runner.py:266} INFO - Task exited with return code 0
[2025-12-15T14:43:28.849+0000] {taskinstance.py:3895} INFO - 1 downstream tasks scheduled from follow-on schedule check
[2025-12-15T14:43:28.850+0000] {local_task_job_runner.py:245} INFO - ::endgroup::
